#-----------------------------------------------------------
# Vivado v2018.2.2 (64-bit)
# SW Build 2348494 on Mon Oct  1 18:25:44 MDT 2018
# IP Build 2318053 on Mon Oct  1 21:44:26 MDT 2018
# Start of session at: Fri Mar 27 14:58:47 2026
# Process ID: 22260
# Current directory: Q:/work/hdl_prj/ipcore/RLUb_HIL_ip_v1_0/prj_ip
# Command line: vivado.exe -mode batch -source vivado_ip_package.tcl
# Log file: Q:/work/hdl_prj/ipcore/RLUb_HIL_ip_v1_0/prj_ip/vivado.log
# Journal file: Q:/work/hdl_prj/ipcore/RLUb_HIL_ip_v1_0/prj_ip\vivado.jou
#-----------------------------------------------------------
source vivado_ip_package.tcl
# create_project prj_ip {} -part xc7z010clg400-1 -force
# set_property ip_repo_paths {../../} [current_fileset]
# add_files -norecurse {../hdl/vhdl/RLUb_HIL_ip_src_RLUb_HIL_pkg.vhd}
# add_files -norecurse {../hdl/vhdl/RLUb_HIL_ip_src_GateSignals.vhd}
# add_files -norecurse {../hdl/vhdl/RLUb_HIL_ip_src_IO_Extension_Inputs.vhd}
# add_files -norecurse {../hdl/vhdl/RLUb_HIL_ip_src_ZyboIO.vhd}
# add_files -norecurse {../hdl/vhdl/RLUb_HIL_ip_src_AmerInputs.vhd}
# add_files -norecurse {../hdl/vhdl/RLUb_HIL_ip_src_Sigma_Delta.vhd}
# add_files -norecurse {../hdl/vhdl/RLUb_HIL_ip_src_AmerOutputs.vhd}
# add_files -norecurse {../hdl/vhdl/RLUb_HIL_ip_src_Subsystem1.vhd}
# add_files -norecurse {../hdl/vhdl/RLUb_HIL_ip_src_Subsystem2.vhd}
# add_files -norecurse {../hdl/vhdl/RLUb_HIL_ip_src_Subsystem3.vhd}
# add_files -norecurse {../hdl/vhdl/RLUb_HIL_ip_src_Subsystem4.vhd}
# add_files -norecurse {../hdl/vhdl/RLUb_HIL_ip_src_HitermInputs.vhd}
# add_files -norecurse {../hdl/vhdl/RLUb_HIL_ip_src_Counter.vhd}
# add_files -norecurse {../hdl/vhdl/RLUb_HIL_ip_src_HitermOutputs.vhd}
# add_files -norecurse {../hdl/vhdl/RLUb_HIL_ip_src_RLUb_DTFX.vhd}
# add_files -norecurse {../hdl/vhdl/RLUb_HIL_ip_src_SignedScale.vhd}
# add_files -norecurse {../hdl/vhdl/RLUb_HIL_ip_src_UnsignedScale.vhd}
# add_files -norecurse {../hdl/vhdl/RLUb_HIL_ip_src_UnsignedScale1.vhd}
# add_files -norecurse {../hdl/vhdl/RLUb_HIL_ip_src_AnalogOut.vhd}
# add_files -norecurse {../hdl/vhdl/RLUb_HIL_ip_src_Subsystem1_block.vhd}
# add_files -norecurse {../hdl/vhdl/RLUb_HIL_ip_src_SignalMUX.vhd}
# add_files -norecurse {../hdl/vhdl/RLUb_HIL_ip_src_RLUb_HIL.vhd}
# add_files -norecurse {../hdl/vhdl/RLUb_HIL_ip_dut.vhd}
# add_files -norecurse {../hdl/vhdl/RLUb_HIL_ip.vhd}
# set_property top RLUb_HIL_ip [get_filesets sources_1]
# set_property top RLUb_HIL_ip [get_filesets sim_1]
# update_compile_order -fileset sources_1
# update_compile_order -fileset sim_1
# ipx::package_project -root_dir {../} -force
INFO: [IP_Flow 19-234] Refreshing IP repositories
INFO: [IP_Flow 19-1700] Loaded user IP repository 'q:/work/hdl_prj/ipcore'.
WARNING: [IP_Flow 19-3656] If you move the project, the path for repository 'q:/work/hdl_prj/ipcore' may become invalid. A better location for the repository would be in a path adjacent to the project. (Current project location is 'q:/work/hdl_prj/ipcore/RLUb_HIL_ip_v1_0/prj_ip'.)
INFO: [IP_Flow 19-2313] Loaded Vivado IP repository 'C:/Xilinx/Vivado/2018.2/data/ip'.
INFO: [IP_Flow 19-5107] Inferred bus interface 'IPCORE_RESETN' of definition 'xilinx.com:signal:reset:1.0' (from Xilinx Repository).
INFO: [IP_Flow 19-5107] Inferred bus interface 'IPCORE_CLK' of definition 'xilinx.com:signal:clock:1.0' (from Xilinx Repository).
INFO: [IP_Flow 19-4728] Bus Interface 'IPCORE_RESETN': Added interface parameter 'POLARITY' with value 'ACTIVE_LOW'.
INFO: [IP_Flow 19-4728] Bus Interface 'IPCORE_CLK': Added interface parameter 'ASSOCIATED_RESET' with value 'IPCORE_RESETN'.
WARNING: [IP_Flow 19-3153] Bus Interface 'IPCORE_CLK': ASSOCIATED_BUSIF bus parameter is missing.
INFO: [IP_Flow 19-2181] Payment Required is not set for this core.
INFO: [IP_Flow 19-2187] The Product Guide file is missing.
# set_property name RLUb_HIL_ip [ipx::current_core]
# set_property display_name RLUb_HIL_ip [ipx::current_core]
# set_property version {1.0} [ipx::current_core]
# set_property library {ip} [ipx::current_core]
# set Families [split [lsort -uniq [get_property C_FAMILY [get_parts]]]]
# set IPSupportedFamily {}
# foreach family $Families {append IPSupportedFamily "{$family} {Production} "}
# set_property supported_families $IPSupportedFamily [ipx::current_core]
# set_property taxonomy {{/HDL Coder Generated IP}} [ipx::current_core]
# set_property description {HDL Coder generated IP} [ipx::current_core]
# set_property core_revision 0001000000 [ipx::current_core]
# ipx::add_file {hdl/vhdl/RLUb_HIL_ip_src_RLUb_HIL_pkg.vhd} [ipx::get_file_groups xilinx_anylanguagesynthesis -of_objects [ipx::current_core]]
WARNING: [IP_Flow 19-1971] File named "hdl/vhdl/RLUb_HIL_ip_src_RLUb_HIL_pkg.vhd" already exists in file group "xilinx_anylanguagesynthesis", cannot add it again.
# set_property type {{vhdlSource}} [ipx::get_files {hdl/vhdl/RLUb_HIL_ip_src_RLUb_HIL_pkg.vhd} -of_objects [ipx::get_file_groups xilinx_anylanguagesynthesis -of_objects [ipx::current_core]]]
# ipx::add_file {hdl/vhdl/RLUb_HIL_ip_src_RLUb_HIL_pkg.vhd} [ipx::get_file_groups xilinx_anylanguagebehavioralsimulation -of_objects [ipx::current_core]]
WARNING: [IP_Flow 19-1971] File named "hdl/vhdl/RLUb_HIL_ip_src_RLUb_HIL_pkg.vhd" already exists in file group "xilinx_anylanguagebehavioralsimulation", cannot add it again.
# set_property type {{vhdlSource}} [ipx::get_files {hdl/vhdl/RLUb_HIL_ip_src_RLUb_HIL_pkg.vhd} -of_objects [ipx::get_file_groups xilinx_anylanguagebehavioralsimulation -of_objects [ipx::current_core]]]
# ipx::add_file {hdl/vhdl/RLUb_HIL_ip_src_GateSignals.vhd} [ipx::get_file_groups xilinx_anylanguagesynthesis -of_objects [ipx::current_core]]
WARNING: [IP_Flow 19-1971] File named "hdl/vhdl/RLUb_HIL_ip_src_GateSignals.vhd" already exists in file group "xilinx_anylanguagesynthesis", cannot add it again.
# set_property type {{vhdlSource}} [ipx::get_files {hdl/vhdl/RLUb_HIL_ip_src_GateSignals.vhd} -of_objects [ipx::get_file_groups xilinx_anylanguagesynthesis -of_objects [ipx::current_core]]]
# ipx::add_file {hdl/vhdl/RLUb_HIL_ip_src_GateSignals.vhd} [ipx::get_file_groups xilinx_anylanguagebehavioralsimulation -of_objects [ipx::current_core]]
WARNING: [IP_Flow 19-1971] File named "hdl/vhdl/RLUb_HIL_ip_src_GateSignals.vhd" already exists in file group "xilinx_anylanguagebehavioralsimulation", cannot add it again.
# set_property type {{vhdlSource}} [ipx::get_files {hdl/vhdl/RLUb_HIL_ip_src_GateSignals.vhd} -of_objects [ipx::get_file_groups xilinx_anylanguagebehavioralsimulation -of_objects [ipx::current_core]]]
# ipx::add_file {hdl/vhdl/RLUb_HIL_ip_src_IO_Extension_Inputs.vhd} [ipx::get_file_groups xilinx_anylanguagesynthesis -of_objects [ipx::current_core]]
WARNING: [IP_Flow 19-1971] File named "hdl/vhdl/RLUb_HIL_ip_src_IO_Extension_Inputs.vhd" already exists in file group "xilinx_anylanguagesynthesis", cannot add it again.
# set_property type {{vhdlSource}} [ipx::get_files {hdl/vhdl/RLUb_HIL_ip_src_IO_Extension_Inputs.vhd} -of_objects [ipx::get_file_groups xilinx_anylanguagesynthesis -of_objects [ipx::current_core]]]
# ipx::add_file {hdl/vhdl/RLUb_HIL_ip_src_IO_Extension_Inputs.vhd} [ipx::get_file_groups xilinx_anylanguagebehavioralsimulation -of_objects [ipx::current_core]]
WARNING: [IP_Flow 19-1971] File named "hdl/vhdl/RLUb_HIL_ip_src_IO_Extension_Inputs.vhd" already exists in file group "xilinx_anylanguagebehavioralsimulation", cannot add it again.
# set_property type {{vhdlSource}} [ipx::get_files {hdl/vhdl/RLUb_HIL_ip_src_IO_Extension_Inputs.vhd} -of_objects [ipx::get_file_groups xilinx_anylanguagebehavioralsimulation -of_objects [ipx::current_core]]]
# ipx::add_file {hdl/vhdl/RLUb_HIL_ip_src_ZyboIO.vhd} [ipx::get_file_groups xilinx_anylanguagesynthesis -of_objects [ipx::current_core]]
WARNING: [IP_Flow 19-1971] File named "hdl/vhdl/RLUb_HIL_ip_src_ZyboIO.vhd" already exists in file group "xilinx_anylanguagesynthesis", cannot add it again.
# set_property type {{vhdlSource}} [ipx::get_files {hdl/vhdl/RLUb_HIL_ip_src_ZyboIO.vhd} -of_objects [ipx::get_file_groups xilinx_anylanguagesynthesis -of_objects [ipx::current_core]]]
# ipx::add_file {hdl/vhdl/RLUb_HIL_ip_src_ZyboIO.vhd} [ipx::get_file_groups xilinx_anylanguagebehavioralsimulation -of_objects [ipx::current_core]]
WARNING: [IP_Flow 19-1971] File named "hdl/vhdl/RLUb_HIL_ip_src_ZyboIO.vhd" already exists in file group "xilinx_anylanguagebehavioralsimulation", cannot add it again.
# set_property type {{vhdlSource}} [ipx::get_files {hdl/vhdl/RLUb_HIL_ip_src_ZyboIO.vhd} -of_objects [ipx::get_file_groups xilinx_anylanguagebehavioralsimulation -of_objects [ipx::current_core]]]
# ipx::add_file {hdl/vhdl/RLUb_HIL_ip_src_AmerInputs.vhd} [ipx::get_file_groups xilinx_anylanguagesynthesis -of_objects [ipx::current_core]]
WARNING: [IP_Flow 19-1971] File named "hdl/vhdl/RLUb_HIL_ip_src_AmerInputs.vhd" already exists in file group "xilinx_anylanguagesynthesis", cannot add it again.
# set_property type {{vhdlSource}} [ipx::get_files {hdl/vhdl/RLUb_HIL_ip_src_AmerInputs.vhd} -of_objects [ipx::get_file_groups xilinx_anylanguagesynthesis -of_objects [ipx::current_core]]]
# ipx::add_file {hdl/vhdl/RLUb_HIL_ip_src_AmerInputs.vhd} [ipx::get_file_groups xilinx_anylanguagebehavioralsimulation -of_objects [ipx::current_core]]
WARNING: [IP_Flow 19-1971] File named "hdl/vhdl/RLUb_HIL_ip_src_AmerInputs.vhd" already exists in file group "xilinx_anylanguagebehavioralsimulation", cannot add it again.
# set_property type {{vhdlSource}} [ipx::get_files {hdl/vhdl/RLUb_HIL_ip_src_AmerInputs.vhd} -of_objects [ipx::get_file_groups xilinx_anylanguagebehavioralsimulation -of_objects [ipx::current_core]]]
# ipx::add_file {hdl/vhdl/RLUb_HIL_ip_src_Sigma_Delta.vhd} [ipx::get_file_groups xilinx_anylanguagesynthesis -of_objects [ipx::current_core]]
WARNING: [IP_Flow 19-1971] File named "hdl/vhdl/RLUb_HIL_ip_src_Sigma_Delta.vhd" already exists in file group "xilinx_anylanguagesynthesis", cannot add it again.
# set_property type {{vhdlSource}} [ipx::get_files {hdl/vhdl/RLUb_HIL_ip_src_Sigma_Delta.vhd} -of_objects [ipx::get_file_groups xilinx_anylanguagesynthesis -of_objects [ipx::current_core]]]
# ipx::add_file {hdl/vhdl/RLUb_HIL_ip_src_Sigma_Delta.vhd} [ipx::get_file_groups xilinx_anylanguagebehavioralsimulation -of_objects [ipx::current_core]]
WARNING: [IP_Flow 19-1971] File named "hdl/vhdl/RLUb_HIL_ip_src_Sigma_Delta.vhd" already exists in file group "xilinx_anylanguagebehavioralsimulation", cannot add it again.
# set_property type {{vhdlSource}} [ipx::get_files {hdl/vhdl/RLUb_HIL_ip_src_Sigma_Delta.vhd} -of_objects [ipx::get_file_groups xilinx_anylanguagebehavioralsimulation -of_objects [ipx::current_core]]]
# ipx::add_file {hdl/vhdl/RLUb_HIL_ip_src_AmerOutputs.vhd} [ipx::get_file_groups xilinx_anylanguagesynthesis -of_objects [ipx::current_core]]
WARNING: [IP_Flow 19-1971] File named "hdl/vhdl/RLUb_HIL_ip_src_AmerOutputs.vhd" already exists in file group "xilinx_anylanguagesynthesis", cannot add it again.
# set_property type {{vhdlSource}} [ipx::get_files {hdl/vhdl/RLUb_HIL_ip_src_AmerOutputs.vhd} -of_objects [ipx::get_file_groups xilinx_anylanguagesynthesis -of_objects [ipx::current_core]]]
# ipx::add_file {hdl/vhdl/RLUb_HIL_ip_src_AmerOutputs.vhd} [ipx::get_file_groups xilinx_anylanguagebehavioralsimulation -of_objects [ipx::current_core]]
WARNING: [IP_Flow 19-1971] File named "hdl/vhdl/RLUb_HIL_ip_src_AmerOutputs.vhd" already exists in file group "xilinx_anylanguagebehavioralsimulation", cannot add it again.
# set_property type {{vhdlSource}} [ipx::get_files {hdl/vhdl/RLUb_HIL_ip_src_AmerOutputs.vhd} -of_objects [ipx::get_file_groups xilinx_anylanguagebehavioralsimulation -of_objects [ipx::current_core]]]
# ipx::add_file {hdl/vhdl/RLUb_HIL_ip_src_Subsystem1.vhd} [ipx::get_file_groups xilinx_anylanguagesynthesis -of_objects [ipx::current_core]]
WARNING: [IP_Flow 19-1971] File named "hdl/vhdl/RLUb_HIL_ip_src_Subsystem1.vhd" already exists in file group "xilinx_anylanguagesynthesis", cannot add it again.
# set_property type {{vhdlSource}} [ipx::get_files {hdl/vhdl/RLUb_HIL_ip_src_Subsystem1.vhd} -of_objects [ipx::get_file_groups xilinx_anylanguagesynthesis -of_objects [ipx::current_core]]]
# ipx::add_file {hdl/vhdl/RLUb_HIL_ip_src_Subsystem1.vhd} [ipx::get_file_groups xilinx_anylanguagebehavioralsimulation -of_objects [ipx::current_core]]
WARNING: [IP_Flow 19-1971] File named "hdl/vhdl/RLUb_HIL_ip_src_Subsystem1.vhd" already exists in file group "xilinx_anylanguagebehavioralsimulation", cannot add it again.
# set_property type {{vhdlSource}} [ipx::get_files {hdl/vhdl/RLUb_HIL_ip_src_Subsystem1.vhd} -of_objects [ipx::get_file_groups xilinx_anylanguagebehavioralsimulation -of_objects [ipx::current_core]]]
# ipx::add_file {hdl/vhdl/RLUb_HIL_ip_src_Subsystem2.vhd} [ipx::get_file_groups xilinx_anylanguagesynthesis -of_objects [ipx::current_core]]
WARNING: [IP_Flow 19-1971] File named "hdl/vhdl/RLUb_HIL_ip_src_Subsystem2.vhd" already exists in file group "xilinx_anylanguagesynthesis", cannot add it again.
# set_property type {{vhdlSource}} [ipx::get_files {hdl/vhdl/RLUb_HIL_ip_src_Subsystem2.vhd} -of_objects [ipx::get_file_groups xilinx_anylanguagesynthesis -of_objects [ipx::current_core]]]
# ipx::add_file {hdl/vhdl/RLUb_HIL_ip_src_Subsystem2.vhd} [ipx::get_file_groups xilinx_anylanguagebehavioralsimulation -of_objects [ipx::current_core]]
WARNING: [IP_Flow 19-1971] File named "hdl/vhdl/RLUb_HIL_ip_src_Subsystem2.vhd" already exists in file group "xilinx_anylanguagebehavioralsimulation", cannot add it again.
# set_property type {{vhdlSource}} [ipx::get_files {hdl/vhdl/RLUb_HIL_ip_src_Subsystem2.vhd} -of_objects [ipx::get_file_groups xilinx_anylanguagebehavioralsimulation -of_objects [ipx::current_core]]]
# ipx::add_file {hdl/vhdl/RLUb_HIL_ip_src_Subsystem3.vhd} [ipx::get_file_groups xilinx_anylanguagesynthesis -of_objects [ipx::current_core]]
WARNING: [IP_Flow 19-1971] File named "hdl/vhdl/RLUb_HIL_ip_src_Subsystem3.vhd" already exists in file group "xilinx_anylanguagesynthesis", cannot add it again.
# set_property type {{vhdlSource}} [ipx::get_files {hdl/vhdl/RLUb_HIL_ip_src_Subsystem3.vhd} -of_objects [ipx::get_file_groups xilinx_anylanguagesynthesis -of_objects [ipx::current_core]]]
# ipx::add_file {hdl/vhdl/RLUb_HIL_ip_src_Subsystem3.vhd} [ipx::get_file_groups xilinx_anylanguagebehavioralsimulation -of_objects [ipx::current_core]]
WARNING: [IP_Flow 19-1971] File named "hdl/vhdl/RLUb_HIL_ip_src_Subsystem3.vhd" already exists in file group "xilinx_anylanguagebehavioralsimulation", cannot add it again.
# set_property type {{vhdlSource}} [ipx::get_files {hdl/vhdl/RLUb_HIL_ip_src_Subsystem3.vhd} -of_objects [ipx::get_file_groups xilinx_anylanguagebehavioralsimulation -of_objects [ipx::current_core]]]
# ipx::add_file {hdl/vhdl/RLUb_HIL_ip_src_Subsystem4.vhd} [ipx::get_file_groups xilinx_anylanguagesynthesis -of_objects [ipx::current_core]]
WARNING: [IP_Flow 19-1971] File named "hdl/vhdl/RLUb_HIL_ip_src_Subsystem4.vhd" already exists in file group "xilinx_anylanguagesynthesis", cannot add it again.
# set_property type {{vhdlSource}} [ipx::get_files {hdl/vhdl/RLUb_HIL_ip_src_Subsystem4.vhd} -of_objects [ipx::get_file_groups xilinx_anylanguagesynthesis -of_objects [ipx::current_core]]]
# ipx::add_file {hdl/vhdl/RLUb_HIL_ip_src_Subsystem4.vhd} [ipx::get_file_groups xilinx_anylanguagebehavioralsimulation -of_objects [ipx::current_core]]
WARNING: [IP_Flow 19-1971] File named "hdl/vhdl/RLUb_HIL_ip_src_Subsystem4.vhd" already exists in file group "xilinx_anylanguagebehavioralsimulation", cannot add it again.
# set_property type {{vhdlSource}} [ipx::get_files {hdl/vhdl/RLUb_HIL_ip_src_Subsystem4.vhd} -of_objects [ipx::get_file_groups xilinx_anylanguagebehavioralsimulation -of_objects [ipx::current_core]]]
# ipx::add_file {hdl/vhdl/RLUb_HIL_ip_src_HitermInputs.vhd} [ipx::get_file_groups xilinx_anylanguagesynthesis -of_objects [ipx::current_core]]
WARNING: [IP_Flow 19-1971] File named "hdl/vhdl/RLUb_HIL_ip_src_HitermInputs.vhd" already exists in file group "xilinx_anylanguagesynthesis", cannot add it again.
# set_property type {{vhdlSource}} [ipx::get_files {hdl/vhdl/RLUb_HIL_ip_src_HitermInputs.vhd} -of_objects [ipx::get_file_groups xilinx_anylanguagesynthesis -of_objects [ipx::current_core]]]
# ipx::add_file {hdl/vhdl/RLUb_HIL_ip_src_HitermInputs.vhd} [ipx::get_file_groups xilinx_anylanguagebehavioralsimulation -of_objects [ipx::current_core]]
WARNING: [IP_Flow 19-1971] File named "hdl/vhdl/RLUb_HIL_ip_src_HitermInputs.vhd" already exists in file group "xilinx_anylanguagebehavioralsimulation", cannot add it again.
# set_property type {{vhdlSource}} [ipx::get_files {hdl/vhdl/RLUb_HIL_ip_src_HitermInputs.vhd} -of_objects [ipx::get_file_groups xilinx_anylanguagebehavioralsimulation -of_objects [ipx::current_core]]]
# ipx::add_file {hdl/vhdl/RLUb_HIL_ip_src_Counter.vhd} [ipx::get_file_groups xilinx_anylanguagesynthesis -of_objects [ipx::current_core]]
WARNING: [IP_Flow 19-1971] File named "hdl/vhdl/RLUb_HIL_ip_src_Counter.vhd" already exists in file group "xilinx_anylanguagesynthesis", cannot add it again.
# set_property type {{vhdlSource}} [ipx::get_files {hdl/vhdl/RLUb_HIL_ip_src_Counter.vhd} -of_objects [ipx::get_file_groups xilinx_anylanguagesynthesis -of_objects [ipx::current_core]]]
# ipx::add_file {hdl/vhdl/RLUb_HIL_ip_src_Counter.vhd} [ipx::get_file_groups xilinx_anylanguagebehavioralsimulation -of_objects [ipx::current_core]]
WARNING: [IP_Flow 19-1971] File named "hdl/vhdl/RLUb_HIL_ip_src_Counter.vhd" already exists in file group "xilinx_anylanguagebehavioralsimulation", cannot add it again.
# set_property type {{vhdlSource}} [ipx::get_files {hdl/vhdl/RLUb_HIL_ip_src_Counter.vhd} -of_objects [ipx::get_file_groups xilinx_anylanguagebehavioralsimulation -of_objects [ipx::current_core]]]
# ipx::add_file {hdl/vhdl/RLUb_HIL_ip_src_HitermOutputs.vhd} [ipx::get_file_groups xilinx_anylanguagesynthesis -of_objects [ipx::current_core]]
WARNING: [IP_Flow 19-1971] File named "hdl/vhdl/RLUb_HIL_ip_src_HitermOutputs.vhd" already exists in file group "xilinx_anylanguagesynthesis", cannot add it again.
# set_property type {{vhdlSource}} [ipx::get_files {hdl/vhdl/RLUb_HIL_ip_src_HitermOutputs.vhd} -of_objects [ipx::get_file_groups xilinx_anylanguagesynthesis -of_objects [ipx::current_core]]]
# ipx::add_file {hdl/vhdl/RLUb_HIL_ip_src_HitermOutputs.vhd} [ipx::get_file_groups xilinx_anylanguagebehavioralsimulation -of_objects [ipx::current_core]]
WARNING: [IP_Flow 19-1971] File named "hdl/vhdl/RLUb_HIL_ip_src_HitermOutputs.vhd" already exists in file group "xilinx_anylanguagebehavioralsimulation", cannot add it again.
# set_property type {{vhdlSource}} [ipx::get_files {hdl/vhdl/RLUb_HIL_ip_src_HitermOutputs.vhd} -of_objects [ipx::get_file_groups xilinx_anylanguagebehavioralsimulation -of_objects [ipx::current_core]]]
# ipx::add_file {hdl/vhdl/RLUb_HIL_ip_src_RLUb_DTFX.vhd} [ipx::get_file_groups xilinx_anylanguagesynthesis -of_objects [ipx::current_core]]
WARNING: [IP_Flow 19-1971] File named "hdl/vhdl/RLUb_HIL_ip_src_RLUb_DTFX.vhd" already exists in file group "xilinx_anylanguagesynthesis", cannot add it again.
# set_property type {{vhdlSource}} [ipx::get_files {hdl/vhdl/RLUb_HIL_ip_src_RLUb_DTFX.vhd} -of_objects [ipx::get_file_groups xilinx_anylanguagesynthesis -of_objects [ipx::current_core]]]
# ipx::add_file {hdl/vhdl/RLUb_HIL_ip_src_RLUb_DTFX.vhd} [ipx::get_file_groups xilinx_anylanguagebehavioralsimulation -of_objects [ipx::current_core]]
WARNING: [IP_Flow 19-1971] File named "hdl/vhdl/RLUb_HIL_ip_src_RLUb_DTFX.vhd" already exists in file group "xilinx_anylanguagebehavioralsimulation", cannot add it again.
# set_property type {{vhdlSource}} [ipx::get_files {hdl/vhdl/RLUb_HIL_ip_src_RLUb_DTFX.vhd} -of_objects [ipx::get_file_groups xilinx_anylanguagebehavioralsimulation -of_objects [ipx::current_core]]]
# ipx::add_file {hdl/vhdl/RLUb_HIL_ip_src_SignedScale.vhd} [ipx::get_file_groups xilinx_anylanguagesynthesis -of_objects [ipx::current_core]]
WARNING: [IP_Flow 19-1971] File named "hdl/vhdl/RLUb_HIL_ip_src_SignedScale.vhd" already exists in file group "xilinx_anylanguagesynthesis", cannot add it again.
# set_property type {{vhdlSource}} [ipx::get_files {hdl/vhdl/RLUb_HIL_ip_src_SignedScale.vhd} -of_objects [ipx::get_file_groups xilinx_anylanguagesynthesis -of_objects [ipx::current_core]]]
# ipx::add_file {hdl/vhdl/RLUb_HIL_ip_src_SignedScale.vhd} [ipx::get_file_groups xilinx_anylanguagebehavioralsimulation -of_objects [ipx::current_core]]
WARNING: [IP_Flow 19-1971] File named "hdl/vhdl/RLUb_HIL_ip_src_SignedScale.vhd" already exists in file group "xilinx_anylanguagebehavioralsimulation", cannot add it again.
# set_property type {{vhdlSource}} [ipx::get_files {hdl/vhdl/RLUb_HIL_ip_src_SignedScale.vhd} -of_objects [ipx::get_file_groups xilinx_anylanguagebehavioralsimulation -of_objects [ipx::current_core]]]
# ipx::add_file {hdl/vhdl/RLUb_HIL_ip_src_UnsignedScale.vhd} [ipx::get_file_groups xilinx_anylanguagesynthesis -of_objects [ipx::current_core]]
WARNING: [IP_Flow 19-1971] File named "hdl/vhdl/RLUb_HIL_ip_src_UnsignedScale.vhd" already exists in file group "xilinx_anylanguagesynthesis", cannot add it again.
# set_property type {{vhdlSource}} [ipx::get_files {hdl/vhdl/RLUb_HIL_ip_src_UnsignedScale.vhd} -of_objects [ipx::get_file_groups xilinx_anylanguagesynthesis -of_objects [ipx::current_core]]]
# ipx::add_file {hdl/vhdl/RLUb_HIL_ip_src_UnsignedScale.vhd} [ipx::get_file_groups xilinx_anylanguagebehavioralsimulation -of_objects [ipx::current_core]]
WARNING: [IP_Flow 19-1971] File named "hdl/vhdl/RLUb_HIL_ip_src_UnsignedScale.vhd" already exists in file group "xilinx_anylanguagebehavioralsimulation", cannot add it again.
# set_property type {{vhdlSource}} [ipx::get_files {hdl/vhdl/RLUb_HIL_ip_src_UnsignedScale.vhd} -of_objects [ipx::get_file_groups xilinx_anylanguagebehavioralsimulation -of_objects [ipx::current_core]]]
# ipx::add_file {hdl/vhdl/RLUb_HIL_ip_src_UnsignedScale1.vhd} [ipx::get_file_groups xilinx_anylanguagesynthesis -of_objects [ipx::current_core]]
WARNING: [IP_Flow 19-1971] File named "hdl/vhdl/RLUb_HIL_ip_src_UnsignedScale1.vhd" already exists in file group "xilinx_anylanguagesynthesis", cannot add it again.
# set_property type {{vhdlSource}} [ipx::get_files {hdl/vhdl/RLUb_HIL_ip_src_UnsignedScale1.vhd} -of_objects [ipx::get_file_groups xilinx_anylanguagesynthesis -of_objects [ipx::current_core]]]
# ipx::add_file {hdl/vhdl/RLUb_HIL_ip_src_UnsignedScale1.vhd} [ipx::get_file_groups xilinx_anylanguagebehavioralsimulation -of_objects [ipx::current_core]]
WARNING: [IP_Flow 19-1971] File named "hdl/vhdl/RLUb_HIL_ip_src_UnsignedScale1.vhd" already exists in file group "xilinx_anylanguagebehavioralsimulation", cannot add it again.
# set_property type {{vhdlSource}} [ipx::get_files {hdl/vhdl/RLUb_HIL_ip_src_UnsignedScale1.vhd} -of_objects [ipx::get_file_groups xilinx_anylanguagebehavioralsimulation -of_objects [ipx::current_core]]]
# ipx::add_file {hdl/vhdl/RLUb_HIL_ip_src_AnalogOut.vhd} [ipx::get_file_groups xilinx_anylanguagesynthesis -of_objects [ipx::current_core]]
WARNING: [IP_Flow 19-1971] File named "hdl/vhdl/RLUb_HIL_ip_src_AnalogOut.vhd" already exists in file group "xilinx_anylanguagesynthesis", cannot add it again.
# set_property type {{vhdlSource}} [ipx::get_files {hdl/vhdl/RLUb_HIL_ip_src_AnalogOut.vhd} -of_objects [ipx::get_file_groups xilinx_anylanguagesynthesis -of_objects [ipx::current_core]]]
# ipx::add_file {hdl/vhdl/RLUb_HIL_ip_src_AnalogOut.vhd} [ipx::get_file_groups xilinx_anylanguagebehavioralsimulation -of_objects [ipx::current_core]]
WARNING: [IP_Flow 19-1971] File named "hdl/vhdl/RLUb_HIL_ip_src_AnalogOut.vhd" already exists in file group "xilinx_anylanguagebehavioralsimulation", cannot add it again.
# set_property type {{vhdlSource}} [ipx::get_files {hdl/vhdl/RLUb_HIL_ip_src_AnalogOut.vhd} -of_objects [ipx::get_file_groups xilinx_anylanguagebehavioralsimulation -of_objects [ipx::current_core]]]
# ipx::add_file {hdl/vhdl/RLUb_HIL_ip_src_Subsystem1_block.vhd} [ipx::get_file_groups xilinx_anylanguagesynthesis -of_objects [ipx::current_core]]
WARNING: [IP_Flow 19-1971] File named "hdl/vhdl/RLUb_HIL_ip_src_Subsystem1_block.vhd" already exists in file group "xilinx_anylanguagesynthesis", cannot add it again.
# set_property type {{vhdlSource}} [ipx::get_files {hdl/vhdl/RLUb_HIL_ip_src_Subsystem1_block.vhd} -of_objects [ipx::get_file_groups xilinx_anylanguagesynthesis -of_objects [ipx::current_core]]]
# ipx::add_file {hdl/vhdl/RLUb_HIL_ip_src_Subsystem1_block.vhd} [ipx::get_file_groups xilinx_anylanguagebehavioralsimulation -of_objects [ipx::current_core]]
WARNING: [IP_Flow 19-1971] File named "hdl/vhdl/RLUb_HIL_ip_src_Subsystem1_block.vhd" already exists in file group "xilinx_anylanguagebehavioralsimulation", cannot add it again.
# set_property type {{vhdlSource}} [ipx::get_files {hdl/vhdl/RLUb_HIL_ip_src_Subsystem1_block.vhd} -of_objects [ipx::get_file_groups xilinx_anylanguagebehavioralsimulation -of_objects [ipx::current_core]]]
# ipx::add_file {hdl/vhdl/RLUb_HIL_ip_src_SignalMUX.vhd} [ipx::get_file_groups xilinx_anylanguagesynthesis -of_objects [ipx::current_core]]
WARNING: [IP_Flow 19-1971] File named "hdl/vhdl/RLUb_HIL_ip_src_SignalMUX.vhd" already exists in file group "xilinx_anylanguagesynthesis", cannot add it again.
# set_property type {{vhdlSource}} [ipx::get_files {hdl/vhdl/RLUb_HIL_ip_src_SignalMUX.vhd} -of_objects [ipx::get_file_groups xilinx_anylanguagesynthesis -of_objects [ipx::current_core]]]
# ipx::add_file {hdl/vhdl/RLUb_HIL_ip_src_SignalMUX.vhd} [ipx::get_file_groups xilinx_anylanguagebehavioralsimulation -of_objects [ipx::current_core]]
WARNING: [IP_Flow 19-1971] File named "hdl/vhdl/RLUb_HIL_ip_src_SignalMUX.vhd" already exists in file group "xilinx_anylanguagebehavioralsimulation", cannot add it again.
# set_property type {{vhdlSource}} [ipx::get_files {hdl/vhdl/RLUb_HIL_ip_src_SignalMUX.vhd} -of_objects [ipx::get_file_groups xilinx_anylanguagebehavioralsimulation -of_objects [ipx::current_core]]]
# ipx::add_file {hdl/vhdl/RLUb_HIL_ip_src_RLUb_HIL.vhd} [ipx::get_file_groups xilinx_anylanguagesynthesis -of_objects [ipx::current_core]]
WARNING: [IP_Flow 19-1971] File named "hdl/vhdl/RLUb_HIL_ip_src_RLUb_HIL.vhd" already exists in file group "xilinx_anylanguagesynthesis", cannot add it again.
# set_property type {{vhdlSource}} [ipx::get_files {hdl/vhdl/RLUb_HIL_ip_src_RLUb_HIL.vhd} -of_objects [ipx::get_file_groups xilinx_anylanguagesynthesis -of_objects [ipx::current_core]]]
# ipx::add_file {hdl/vhdl/RLUb_HIL_ip_src_RLUb_HIL.vhd} [ipx::get_file_groups xilinx_anylanguagebehavioralsimulation -of_objects [ipx::current_core]]
WARNING: [IP_Flow 19-1971] File named "hdl/vhdl/RLUb_HIL_ip_src_RLUb_HIL.vhd" already exists in file group "xilinx_anylanguagebehavioralsimulation", cannot add it again.
# set_property type {{vhdlSource}} [ipx::get_files {hdl/vhdl/RLUb_HIL_ip_src_RLUb_HIL.vhd} -of_objects [ipx::get_file_groups xilinx_anylanguagebehavioralsimulation -of_objects [ipx::current_core]]]
# ipx::add_file {hdl/vhdl/RLUb_HIL_ip_dut.vhd} [ipx::get_file_groups xilinx_anylanguagesynthesis -of_objects [ipx::current_core]]
WARNING: [IP_Flow 19-1971] File named "hdl/vhdl/RLUb_HIL_ip_dut.vhd" already exists in file group "xilinx_anylanguagesynthesis", cannot add it again.
# set_property type {{vhdlSource}} [ipx::get_files {hdl/vhdl/RLUb_HIL_ip_dut.vhd} -of_objects [ipx::get_file_groups xilinx_anylanguagesynthesis -of_objects [ipx::current_core]]]
# ipx::add_file {hdl/vhdl/RLUb_HIL_ip_dut.vhd} [ipx::get_file_groups xilinx_anylanguagebehavioralsimulation -of_objects [ipx::current_core]]
WARNING: [IP_Flow 19-1971] File named "hdl/vhdl/RLUb_HIL_ip_dut.vhd" already exists in file group "xilinx_anylanguagebehavioralsimulation", cannot add it again.
# set_property type {{vhdlSource}} [ipx::get_files {hdl/vhdl/RLUb_HIL_ip_dut.vhd} -of_objects [ipx::get_file_groups xilinx_anylanguagebehavioralsimulation -of_objects [ipx::current_core]]]
# ipx::add_file {hdl/vhdl/RLUb_HIL_ip.vhd} [ipx::get_file_groups xilinx_anylanguagesynthesis -of_objects [ipx::current_core]]
WARNING: [IP_Flow 19-1971] File named "hdl/vhdl/RLUb_HIL_ip.vhd" already exists in file group "xilinx_anylanguagesynthesis", cannot add it again.
# set_property type {{vhdlSource}} [ipx::get_files {hdl/vhdl/RLUb_HIL_ip.vhd} -of_objects [ipx::get_file_groups xilinx_anylanguagesynthesis -of_objects [ipx::current_core]]]
# ipx::add_file {hdl/vhdl/RLUb_HIL_ip.vhd} [ipx::get_file_groups xilinx_anylanguagebehavioralsimulation -of_objects [ipx::current_core]]
WARNING: [IP_Flow 19-1971] File named "hdl/vhdl/RLUb_HIL_ip.vhd" already exists in file group "xilinx_anylanguagebehavioralsimulation", cannot add it again.
# set_property type {{vhdlSource}} [ipx::get_files {hdl/vhdl/RLUb_HIL_ip.vhd} -of_objects [ipx::get_file_groups xilinx_anylanguagebehavioralsimulation -of_objects [ipx::current_core]]]
# ipx::remove_all_bus_interface [ipx::current_core]
# ipx::remove_all_memory_map [ipx::current_core]
# ipx::remove_all_address_space [ipx::current_core]
# ipx::add_bus_interface {IPCORE_CLK} [ipx::current_core]
# set_property abstraction_type_vlnv {xilinx.com:signal:clock_rtl:1.0} [ipx::get_bus_interfaces IPCORE_CLK -of_objects [ipx::current_core]]
# set_property bus_type_vlnv {xilinx.com:signal:clock:1.0} [ipx::get_bus_interfaces IPCORE_CLK -of_objects [ipx::current_core]]
# ipx::add_port_map {CLK} [ipx::get_bus_interfaces IPCORE_CLK -of_objects [ipx::current_core]]
# set_property physical_name {IPCORE_CLK} [ipx::get_port_maps CLK -of_objects [ipx::get_bus_interfaces IPCORE_CLK -of_objects [ipx::current_core]]]
# ipx::add_bus_interface {IPCORE_RESETN} [ipx::current_core]
# set_property abstraction_type_vlnv {xilinx.com:signal:reset_rtl:1.0} [ipx::get_bus_interfaces IPCORE_RESETN -of_objects [ipx::current_core]]
# set_property bus_type_vlnv {xilinx.com:signal:reset:1.0} [ipx::get_bus_interfaces IPCORE_RESETN -of_objects [ipx::current_core]]
# ipx::add_port_map {RST} [ipx::get_bus_interfaces IPCORE_RESETN -of_objects [ipx::current_core]]
# set_property physical_name {IPCORE_RESETN} [ipx::get_port_maps RST -of_objects [ipx::get_bus_interfaces IPCORE_RESETN -of_objects [ipx::current_core]]]
# ipx::add_bus_parameter {ASSOCIATED_RESET} [ipx::get_bus_interfaces IPCORE_CLK -of_objects [ipx::current_core]]
# set_property value {IPCORE_RESETN} [ipx::get_bus_parameters ASSOCIATED_RESET -of_objects [ipx::get_bus_interfaces IPCORE_CLK -of_objects [ipx::current_core]]]
# ipx::add_bus_parameter {POLARITY} [ipx::get_bus_interfaces IPCORE_RESETN -of_objects [ipx::current_core]]
# set_property value {ACTIVE_LOW} [ipx::get_bus_parameters POLARITY -of_objects [ipx::get_bus_interfaces IPCORE_RESETN -of_objects [ipx::current_core]]]
# ipx::add_file_group -type {product_guide} {} [ipx::current_core]
# ipx::add_file {doc/RLUb_HIL_ip_core_report.html} [ipx::get_file_groups xilinx_productguide -of_objects [ipx::current_core]]
# set_property type {{html}} [ipx::get_files {doc/RLUb_HIL_ip_core_report.html} -of_objects [ipx::get_file_groups xilinx_productguide -of_objects [ipx::current_core]]]
# ipx::create_xgui_files [ipx::current_core]
# ipx::check_integrity -quiet [ipx::current_core]
# ipx::save_core [ipx::current_core]
# ipx::archive_core {../RLUb_HIL_ip_v1_0.zip} [ipx::current_core]
# close_project
# exit
INFO: [Common 17-206] Exiting Vivado at Fri Mar 27 14:59:04 2026...
