#-----------------------------------------------------------
# Vivado v2018.2.2 (64-bit)
# SW Build 2348494 on Mon Oct  1 18:25:44 MDT 2018
# IP Build 2318053 on Mon Oct  1 21:44:26 MDT 2018
# Start of session at: Fri Mar 27 14:59:31 2026
# Process ID: 14588
# Current directory: Q:/work/hdl_prj/vivado_ip_prj
# Command line: vivado.exe -mode batch -source vivado_insert_ip.tcl
# Log file: Q:/work/hdl_prj/vivado_ip_prj/vivado.log
# Journal file: Q:/work/hdl_prj/vivado_ip_prj\vivado.jou
#-----------------------------------------------------------
source vivado_insert_ip.tcl
# open_project vivado_prj.xpr
Scanning sources...
Finished scanning sources
INFO: [IP_Flow 19-234] Refreshing IP repositories
INFO: [IP_Flow 19-1700] Loaded user IP repository 'q:/work/hdl_prj/vivado_ip_prj/ipcore'.
INFO: [IP_Flow 19-2313] Loaded Vivado IP repository 'C:/Xilinx/Vivado/2018.2/data/ip'.
# update_ip_catalog -delete_ip {./ipcore/RLUb_HIL_ip_v1_0/component.xml} -repo_path {./ipcore} -quiet
# update_ip_catalog -add_ip {./ipcore/RLUb_HIL_ip_v1_0.zip} -repo_path {./ipcore}
INFO: [IP_Flow 19-949] Unzipped './ipcore/RLUb_HIL_ip_v1_0.zip' into repository 'q:/work/hdl_prj/vivado_ip_prj/ipcore'.
INFO: [IP_Flow 19-725] Reloaded user IP repository 'q:/work/hdl_prj/vivado_ip_prj/ipcore'
# update_ip_catalog
# set HDLCODERIPVLNV [get_property VLNV [get_ipdefs -filter {NAME==RLUb_HIL_ip && VERSION==1.0}]]
# set HDLCODERIPINST RLUb_HIL_ip_0
# set BDFILEPATH [get_files -quiet design_1.bd]
# open_bd_design $BDFILEPATH
Adding cell -- xilinx.com:ip:clk_wiz:6.0 - clk_wiz_0
Adding cell -- aut.bme.hu:fiek:ioexp:1.0 - ioexp_0
Adding cell -- aut.bme.hu:user:mon_module:1.0 - mon_module_0
Adding cell -- xilinx.com:ip:proc_sys_reset:5.0 - proc_sys_reset_0
Adding cell -- aut.bme.hu:fiek:sd_multiplexer:1.0 - sd_multiplexer_0
Adding cell -- xilinx.com:ip:xlconstant:1.1 - xlconstant_0
WARNING: [BD 41-1731] Type mismatch between connected pins: /clk_wiz_0/clkx4(clk) and /sd_multiplexer_0/clkx4(undef)
Successfully read diagram <design_1> from BD file <Q:/work/hdl_prj/vivado_ip_prj/vivado_prj.srcs/sources_1/bd/design_1/design_1.bd>
# create_bd_cell -type ip -vlnv $HDLCODERIPVLNV $HDLCODERIPINST
WARNING: [BD 5-234] No nets matched 'get_bd_nets -of_objects /ioexp_0/outdata'
# connect_bd_net -net [get_bd_nets -of_objects [get_bd_pins ioexp_0/outdata]] [get_bd_pins $HDLCODERIPINST/IOextOut] [get_bd_pins ioexp_0/outdata]
WARNING: [BD 5-234] No nets matched 'get_bd_nets -of_objects /ioexp_0/indata'
# connect_bd_net -net [get_bd_nets -of_objects [get_bd_pins ioexp_0/indata]] [get_bd_pins $HDLCODERIPINST/IOextIn] [get_bd_pins ioexp_0/indata]
WARNING: [BD 5-234] No nets matched 'get_bd_nets -of_objects /sd_multiplexer_0/sdac_a'
# connect_bd_net -net [get_bd_nets -of_objects [get_bd_pins sd_multiplexer_0/sdac_a]] [get_bd_pins $HDLCODERIPINST/SDMuxA] [get_bd_pins sd_multiplexer_0/sdac_a]
WARNING: [BD 5-234] No nets matched 'get_bd_nets -of_objects /sd_multiplexer_0/sdac_b'
# connect_bd_net -net [get_bd_nets -of_objects [get_bd_pins sd_multiplexer_0/sdac_b]] [get_bd_pins $HDLCODERIPINST/SDMuxB] [get_bd_pins sd_multiplexer_0/sdac_b]
WARNING: [BD 5-234] No nets matched 'get_bd_nets -of_objects /mon_module_0/data0'
# connect_bd_net -net [get_bd_nets -of_objects [get_bd_pins mon_module_0/data0]] [get_bd_pins $HDLCODERIPINST/Data0] [get_bd_pins mon_module_0/data0]
WARNING: [BD 5-234] No nets matched 'get_bd_nets -of_objects /mon_module_0/data1'
# connect_bd_net -net [get_bd_nets -of_objects [get_bd_pins mon_module_0/data1]] [get_bd_pins $HDLCODERIPINST/Data1] [get_bd_pins mon_module_0/data1]
WARNING: [BD 5-234] No nets matched 'get_bd_nets -of_objects /mon_module_0/data2'
# connect_bd_net -net [get_bd_nets -of_objects [get_bd_pins mon_module_0/data2]] [get_bd_pins $HDLCODERIPINST/Data2] [get_bd_pins mon_module_0/data2]
WARNING: [BD 5-234] No nets matched 'get_bd_nets -of_objects /mon_module_0/data3'
# connect_bd_net -net [get_bd_nets -of_objects [get_bd_pins mon_module_0/data3]] [get_bd_pins $HDLCODERIPINST/Data3] [get_bd_pins mon_module_0/data3]
WARNING: [BD 5-234] No nets matched 'get_bd_nets -of_objects /mon_module_0/data4'
# connect_bd_net -net [get_bd_nets -of_objects [get_bd_pins mon_module_0/data4]] [get_bd_pins $HDLCODERIPINST/Data4] [get_bd_pins mon_module_0/data4]
WARNING: [BD 5-234] No nets matched 'get_bd_nets -of_objects /mon_module_0/param0'
# connect_bd_net -net [get_bd_nets -of_objects [get_bd_pins mon_module_0/param0]] [get_bd_pins $HDLCODERIPINST/Param0] [get_bd_pins mon_module_0/param0]
WARNING: [BD 5-234] No nets matched 'get_bd_nets -of_objects /mon_module_0/param1'
# connect_bd_net -net [get_bd_nets -of_objects [get_bd_pins mon_module_0/param1]] [get_bd_pins $HDLCODERIPINST/Param1] [get_bd_pins mon_module_0/param1]
WARNING: [BD 5-234] No nets matched 'get_bd_nets -of_objects /mon_module_0/param2'
# connect_bd_net -net [get_bd_nets -of_objects [get_bd_pins mon_module_0/param2]] [get_bd_pins $HDLCODERIPINST/Param2] [get_bd_pins mon_module_0/param2]
WARNING: [BD 5-234] No nets matched 'get_bd_nets -of_objects /mon_module_0/param3'
# connect_bd_net -net [get_bd_nets -of_objects [get_bd_pins mon_module_0/param3]] [get_bd_pins $HDLCODERIPINST/Param3] [get_bd_pins mon_module_0/param3]
WARNING: [BD 5-234] No nets matched 'get_bd_nets -of_objects /mon_module_0/param4'
# connect_bd_net -net [get_bd_nets -of_objects [get_bd_pins mon_module_0/param4]] [get_bd_pins $HDLCODERIPINST/Param4] [get_bd_pins mon_module_0/param4]
WARNING: [BD 5-234] No nets matched 'get_bd_nets -of_objects /mon_module_0/param5'
# connect_bd_net -net [get_bd_nets -of_objects [get_bd_pins mon_module_0/param5]] [get_bd_pins $HDLCODERIPINST/Param5] [get_bd_pins mon_module_0/param5]
WARNING: [BD 5-234] No nets matched 'get_bd_nets -of_objects /mon_module_0/param6'
# connect_bd_net -net [get_bd_nets -of_objects [get_bd_pins mon_module_0/param6]] [get_bd_pins $HDLCODERIPINST/Param6] [get_bd_pins mon_module_0/param6]
WARNING: [BD 5-234] No nets matched 'get_bd_nets -of_objects /mon_module_0/param7'
# connect_bd_net -net [get_bd_nets -of_objects [get_bd_pins mon_module_0/param7]] [get_bd_pins $HDLCODERIPINST/Param7] [get_bd_pins mon_module_0/param7]
# connect_bd_net -net [get_bd_nets -of_objects [get_bd_pins clk_wiz_0/clk]] [get_bd_pins $HDLCODERIPINST/IPCORE_CLK] [get_bd_pins clk_wiz_0/clk]
WARNING: [BD 5-234] No nets matched 'get_bd_nets -of_objects /proc_sys_reset_0/peripheral_aresetn'
# connect_bd_net -net [get_bd_nets -of_objects [get_bd_pins proc_sys_reset_0/peripheral_aresetn]] [get_bd_pins $HDLCODERIPINST/IPCORE_RESETN] [get_bd_pins proc_sys_reset_0/peripheral_aresetn]
# create_bd_port -dir O -from 3 -to 0 QEP
# connect_bd_net [get_bd_ports QEP] [get_bd_pins $HDLCODERIPINST/QEP]
# create_bd_port -dir O -from 3 -to 0 Fail
# connect_bd_net [get_bd_ports Fail] [get_bd_pins $HDLCODERIPINST/Fail]
# create_bd_port -dir I -from 3 -to 0 CtrlH
# connect_bd_net [get_bd_ports CtrlH] [get_bd_pins $HDLCODERIPINST/CtrlH]
# create_bd_port -dir I -from 3 -to 0 CtrlL
# connect_bd_net [get_bd_ports CtrlL] [get_bd_pins $HDLCODERIPINST/CtrlL]
# create_bd_port -dir O -from 3 -to 0 Status
# connect_bd_net [get_bd_ports Status] [get_bd_pins $HDLCODERIPINST/Status]
# create_bd_port -dir I -from 2 -to 0 ZyboBTN
# connect_bd_net [get_bd_ports ZyboBTN] [get_bd_pins $HDLCODERIPINST/ZyboBTN]
# create_bd_port -dir I -from 3 -to 0 ZyboSW
# connect_bd_net [get_bd_ports ZyboSW] [get_bd_pins $HDLCODERIPINST/ZyboSW]
# create_bd_port -dir O -from 3 -to 0 ZyboLED
# connect_bd_net [get_bd_ports ZyboLED] [get_bd_pins $HDLCODERIPINST/ZyboLED]
# make_wrapper -files $BDFILEPATH -top
WARNING: [BD 41-927] Following properties on pin /ioexp_0/clk have been updated from connected ip. They may not be synchronized with cell properties. You can set property on pin directly to confirm the value and resolve the warning.
	CLK_DOMAIN=/clk_wiz_0_clk_out1 
WARNING: [BD 41-927] Following properties on pin /ioexp_0/reset have been updated from connected ip. They may not be synchronized with cell properties. You can set property on pin directly to confirm the value and resolve the warning.
	POLARITY=ACTIVE_HIGH 
WARNING: [BD 41-927] Following properties on pin /mon_module_0/clk have been updated from connected ip. They may not be synchronized with cell properties. You can set property on pin directly to confirm the value and resolve the warning.
	CLK_DOMAIN=/clk_wiz_0_clk_out1 
WARNING: [BD 41-927] Following properties on pin /mon_module_0/reset have been updated from connected ip. They may not be synchronized with cell properties. You can set property on pin directly to confirm the value and resolve the warning.
	POLARITY=ACTIVE_HIGH 
WARNING: [BD 41-927] Following properties on pin /sd_multiplexer_0/clk have been updated from connected ip. They may not be synchronized with cell properties. You can set property on pin directly to confirm the value and resolve the warning.
	CLK_DOMAIN=/clk_wiz_0_clk_out1 
CRITICAL WARNING: [BD 41-759] The input pins (listed below) are either not connected or do not have a source port, and they don't have a tie-off specified. These pins are tied-off to all 0's to avoid error in Implementation flow.
Please check your design and connect them as needed: 
/mon_module_0/data5
/mon_module_0/data6
/mon_module_0/data7
/mon_module_0/data8
/mon_module_0/data9
/mon_module_0/data10
/mon_module_0/data11
/mon_module_0/data12
/mon_module_0/data13
/mon_module_0/data14
/mon_module_0/data15
/mon_module_0/data16
/mon_module_0/data17
/mon_module_0/data18
/mon_module_0/data19
/mon_module_0/data20
/mon_module_0/data21
/mon_module_0/data22
/mon_module_0/data23
/mon_module_0/data24
/mon_module_0/data25
/mon_module_0/data26
/mon_module_0/data27
/mon_module_0/data28
/mon_module_0/data29
/mon_module_0/data30
/mon_module_0/data31
/mon_module_0/data32
/mon_module_0/data33
/mon_module_0/data34
/mon_module_0/data35
/mon_module_0/data36
/mon_module_0/data37
/mon_module_0/data38
/mon_module_0/data39
/mon_module_0/data40
/mon_module_0/data41
/mon_module_0/data42
/mon_module_0/data43
/mon_module_0/data44
/mon_module_0/data45
/mon_module_0/data46
/mon_module_0/data47
/mon_module_0/data48
/mon_module_0/data49
/mon_module_0/data50
/mon_module_0/data51
/mon_module_0/data52
/mon_module_0/data53
/mon_module_0/data54
/mon_module_0/data55
/mon_module_0/data56
/mon_module_0/data57
/mon_module_0/data58
/mon_module_0/data59
/mon_module_0/data60
/mon_module_0/data61
/mon_module_0/data62
/mon_module_0/data63
/mon_module_0/data64
/mon_module_0/data65
/mon_module_0/data66
/mon_module_0/data67
/mon_module_0/data68
/mon_module_0/data69
/mon_module_0/data70
/mon_module_0/data71
/mon_module_0/data72
/mon_module_0/data73
/mon_module_0/data74
/mon_module_0/data75
/mon_module_0/data76
/mon_module_0/data77
/mon_module_0/data78
/mon_module_0/data79
/mon_module_0/data80
/mon_module_0/data81
/mon_module_0/data82
/mon_module_0/data83
/mon_module_0/data84
/mon_module_0/data85
/mon_module_0/data86
/mon_module_0/data87
/mon_module_0/data88
/mon_module_0/data89
/mon_module_0/data90
/mon_module_0/data91
/mon_module_0/data92
/mon_module_0/data93
/mon_module_0/data94
/mon_module_0/data95
/mon_module_0/data96
/mon_module_0/data97
/mon_module_0/data98
/mon_module_0/data99
/mon_module_0/data100
/mon_module_0/data101
/mon_module_0/data102
/mon_module_0/data103
/mon_module_0/data104
/mon_module_0/data105
/mon_module_0/data106
/mon_module_0/data107
/mon_module_0/data108
/mon_module_0/data109
/mon_module_0/data110
/mon_module_0/data111
/mon_module_0/data112
/mon_module_0/data113
/mon_module_0/data114
/mon_module_0/data115
/mon_module_0/data116
/mon_module_0/data117
/mon_module_0/data118
/mon_module_0/data119
/mon_module_0/data120
/mon_module_0/data121
/mon_module_0/data122
/mon_module_0/data123
/mon_module_0/data124
/mon_module_0/data125
/mon_module_0/data126
/mon_module_0/data127

Wrote  : <Q:/work/hdl_prj/vivado_ip_prj/vivado_prj.srcs/sources_1/bd/design_1/design_1.bd> 
VHDL Output written to : Q:/work/hdl_prj/vivado_ip_prj/vivado_prj.srcs/sources_1/bd/design_1/synth/design_1.vhd
VHDL Output written to : Q:/work/hdl_prj/vivado_ip_prj/vivado_prj.srcs/sources_1/bd/design_1/sim/design_1.vhd
VHDL Output written to : Q:/work/hdl_prj/vivado_ip_prj/vivado_prj.srcs/sources_1/bd/design_1/hdl/design_1_wrapper.vhd
# regsub -all "design_1.bd" [get_files design_1.bd] "hdl" TOPFILEPATH
# add_files -norecurse $TOPFILEPATH
# update_compile_order -fileset sources_1
# validate_bd_design
INFO: [BD 5-320] Validate design is not run, since the design is already validated.
# save_bd_design
# add_files -fileset constrs_1 -norecurse amer_top_constraint.xdc RLUb_HIL_ip_src_RLUb_HIL_top.xdc
# close_project
# exit
INFO: [Common 17-206] Exiting Vivado at Fri Mar 27 14:59:43 2026...
