Copyright 1986-2018 Xilinx, Inc. All Rights Reserved.
----------------------------------------------------------------------------------------------------------------------------------------------------------------------
| Tool Version     : Vivado v.2018.2.2 (win64) Build 2348494 Mon Oct  1 18:25:44 MDT 2018
| Date             : Fri Mar 27 15:06:13 2026
| Host             : LENI running 64-bit major release  (build 9200)
| Command          : report_power -file design_1_wrapper_power_routed.rpt -pb design_1_wrapper_power_summary_routed.pb -rpx design_1_wrapper_power_routed.rpx
| Design           : design_1_wrapper
| Device           : xc7z010clg400-1
| Design State     : routed
| Grade            : commercial
| Process          : typical
| Characterization : Production
----------------------------------------------------------------------------------------------------------------------------------------------------------------------

Power Report

Table of Contents
-----------------
1. Summary
1.1 On-Chip Components
1.2 Power Supply Summary
1.3 Confidence Level
2. Settings
2.1 Environment
2.2 Clock Constraints
3. Detailed Reports
3.1 By Hierarchy

1. Summary
----------

+--------------------------+--------------+
| Total On-Chip Power (W)  | 0.219        |
| Design Power Budget (W)  | Unspecified* |
| Power Budget Margin (W)  | NA           |
| Dynamic (W)              | 0.123        |
| Device Static (W)        | 0.096        |
| Effective TJA (C/W)      | 11.5         |
| Max Ambient (C)          | 82.5         |
| Junction Temperature (C) | 27.5         |
| Confidence Level         | Low          |
| Setting File             | ---          |
| Simulation Activity File | ---          |
| Design Nets Matched      | NA           |
+--------------------------+--------------+
* Specify Design Power Budget using, set_operating_conditions -design_power_budget <value in Watts>


1.1 On-Chip Components
----------------------

+-------------------------+-----------+----------+-----------+-----------------+
| On-Chip                 | Power (W) | Used     | Available | Utilization (%) |
+-------------------------+-----------+----------+-----------+-----------------+
| Clocks                  |     0.004 |       10 |       --- |             --- |
| Slice Logic             |     0.002 |    17952 |       --- |             --- |
|   LUT as Logic          |     0.002 |     7155 |     17600 |           40.65 |
|   CARRY4                |    <0.001 |      251 |      4400 |            5.70 |
|   Register              |    <0.001 |     6024 |     35200 |           17.11 |
|   F7/F8 Muxes           |    <0.001 |     3735 |     17600 |           21.22 |
|   Others                |     0.000 |      168 |       --- |             --- |
|   LUT as Shift Register |     0.000 |        1 |      6000 |            0.02 |
| Signals                 |     0.005 |     9949 |       --- |             --- |
| Block RAM               |     0.008 |     30.5 |        60 |           50.83 |
| MMCM                    |     0.095 |        1 |         2 |           50.00 |
| DSPs                    |     0.002 |       10 |        80 |           12.50 |
| I/O                     |     0.007 |       36 |       100 |           36.00 |
| Static Power            |     0.096 |          |           |                 |
| Total                   |     0.219 |          |           |                 |
+-------------------------+-----------+----------+-----------+-----------------+


1.2 Power Supply Summary
------------------------

+-----------+-------------+-----------+-------------+------------+
| Source    | Voltage (V) | Total (A) | Dynamic (A) | Static (A) |
+-----------+-------------+-----------+-------------+------------+
| Vccint    |       1.000 |     0.025 |       0.021 |      0.004 |
| Vccaux    |       1.800 |     0.058 |       0.052 |      0.005 |
| Vcco33    |       3.300 |     0.003 |       0.002 |      0.001 |
| Vcco25    |       2.500 |     0.000 |       0.000 |      0.000 |
| Vcco18    |       1.800 |     0.000 |       0.000 |      0.000 |
| Vcco15    |       1.500 |     0.000 |       0.000 |      0.000 |
| Vcco135   |       1.350 |     0.000 |       0.000 |      0.000 |
| Vcco12    |       1.200 |     0.000 |       0.000 |      0.000 |
| Vccaux_io |       1.800 |     0.000 |       0.000 |      0.000 |
| Vccbram   |       1.000 |     0.002 |       0.001 |      0.001 |
| MGTAVcc   |       1.000 |     0.000 |       0.000 |      0.000 |
| MGTAVtt   |       1.200 |     0.000 |       0.000 |      0.000 |
| MGTVccaux |       1.800 |     0.000 |       0.000 |      0.000 |
| Vccpint   |       1.000 |     0.017 |       0.000 |      0.017 |
| Vccpaux   |       1.800 |     0.010 |       0.000 |      0.010 |
| Vccpll    |       1.800 |     0.003 |       0.000 |      0.003 |
| Vcco_ddr  |       1.500 |     0.000 |       0.000 |      0.000 |
| Vcco_mio0 |       1.800 |     0.000 |       0.000 |      0.000 |
| Vcco_mio1 |       1.800 |     0.000 |       0.000 |      0.000 |
| Vccadc    |       1.800 |     0.020 |       0.000 |      0.020 |
+-----------+-------------+-----------+-------------+------------+


1.3 Confidence Level
--------------------

+-----------------------------+------------+--------------------------------------------------------+------------------------------------------------------------------------------------------------------------+
| User Input Data             | Confidence | Details                                                | Action                                                                                                     |
+-----------------------------+------------+--------------------------------------------------------+------------------------------------------------------------------------------------------------------------+
| Design implementation state | High       | Design is routed                                       |                                                                                                            |
| Clock nodes activity        | High       | User specified more than 95% of clocks                 |                                                                                                            |
| I/O nodes activity          | Low        | More than 75% of inputs are missing user specification | Provide missing input activity with simulation results or by editing the "By Resource Type -> I/Os" view   |
| Internal nodes activity     | Medium     | User specified less than 25% of internal nodes         | Provide missing internal nodes activity with simulation results or by editing the "By Resource Type" views |
| Device models               | High       | Device models are Production                           |                                                                                                            |
|                             |            |                                                        |                                                                                                            |
| Overall confidence level    | Low        |                                                        |                                                                                                            |
+-----------------------------+------------+--------------------------------------------------------+------------------------------------------------------------------------------------------------------------+


2. Settings
-----------

2.1 Environment
---------------

+-----------------------+------------------------+
| Ambient Temp (C)      | 25.0                   |
| ThetaJA (C/W)         | 11.5                   |
| Airflow (LFM)         | 250                    |
| Heat Sink             | none                   |
| ThetaSA (C/W)         | 0.0                    |
| Board Selection       | medium (10"x10")       |
| # of Board Layers     | 8to11 (8 to 11 Layers) |
| Board Temperature (C) | 25.0                   |
+-----------------------+------------------------+


2.2 Clock Constraints
---------------------

+---------------------------------+---------------------------------------------------------+-----------------+
| Clock                           | Domain                                                  | Constraint (ns) |
+---------------------------------+---------------------------------------------------------+-----------------+
| clk125                          | clk125                                                  |             8.0 |
| clk_design_1_clk_wiz_0_0        | design_1_i/clk_wiz_0/inst/clk_design_1_clk_wiz_0_0      |            50.0 |
| clk_design_1_clk_wiz_0_0_1      | design_1_i/clk_wiz_0/inst/clk_design_1_clk_wiz_0_0      |            50.0 |
| clkfbout_design_1_clk_wiz_0_0   | design_1_i/clk_wiz_0/inst/clkfbout_design_1_clk_wiz_0_0 |            40.0 |
| clkfbout_design_1_clk_wiz_0_0_1 | design_1_i/clk_wiz_0/inst/clkfbout_design_1_clk_wiz_0_0 |            40.0 |
| clkx4_design_1_clk_wiz_0_0      | design_1_i/clk_wiz_0/inst/clkx4_design_1_clk_wiz_0_0    |            12.5 |
| clkx4_design_1_clk_wiz_0_0_1    | design_1_i/clk_wiz_0/inst/clkx4_design_1_clk_wiz_0_0    |            12.5 |
| sys_clk_pin                     | clk125                                                  |             8.0 |
+---------------------------------+---------------------------------------------------------+-----------------+


3. Detailed Reports
-------------------

3.1 By Hierarchy
----------------

+------------------------------------------------------+-----------+
| Name                                                 | Power (W) |
+------------------------------------------------------+-----------+
| design_1_wrapper                                     |     0.123 |
|   design_1_i                                         |     0.116 |
|     RLUb_HIL_ip_0                                    |     0.003 |
|       U0                                             |     0.003 |
|         u_RLUb_HIL_ip_dut_inst                       |     0.003 |
|           u_RLUb_HIL_ip_src_RLUb_HIL                 |     0.003 |
|             u_AmerInputs                             |    <0.001 |
|             u_AmerOutputs                            |    <0.001 |
|               u_Sigma_Delta                          |    <0.001 |
|             u_HitermOutputs                          |    <0.001 |
|               u_Counter                              |    <0.001 |
|             u_RLUb_DTFX                              |     0.001 |
|             u_SignalMUX                              |     0.001 |
|               u_AnalogOut                            |     0.001 |
|                 u_SignedScale                        |    <0.001 |
|                 u_UnsignedScale                      |    <0.001 |
|                 u_UnsignedScale1                     |    <0.001 |
|     clk_wiz_0                                        |     0.095 |
|       inst                                           |     0.095 |
|     ioexp_0                                          |    <0.001 |
|       inst                                           |    <0.001 |
|     mon_module_0                                     |     0.017 |
|       inst                                           |     0.017 |
|         BBX_MPX_Ch0                                  |    <0.001 |
|         BBX_MPX_Ch1                                  |    <0.001 |
|         BBX_MPX_Ch2                                  |    <0.001 |
|         BBX_MPX_Ch3                                  |    <0.001 |
|         Bus_Protocol                                 |     0.002 |
|           Serial_Receive                             |    <0.001 |
|             Calc_CHKSUM                              |    <0.001 |
|             UART_Rx_inst                             |    <0.001 |
|           Serial_Send                                |    <0.001 |
|             Calc_CHKSUM                              |    <0.001 |
|             UART_Tx_inst                             |    <0.001 |
|           uart_receive_memory                        |    <0.001 |
|             U0                                       |    <0.001 |
|               inst_blk_mem_gen                       |    <0.001 |
|                 gnbram.gnativebmg.native_blk_mem_gen |    <0.001 |
|                   valid.cstr                         |    <0.001 |
|                     ramloop[0].ram.r                 |    <0.001 |
|                       prim_noinit.ram                |    <0.001 |
|           uart_send_memory                           |    <0.001 |
|             U0                                       |    <0.001 |
|               inst_blk_mem_gen                       |    <0.001 |
|                 gnbram.gnativebmg.native_blk_mem_gen |    <0.001 |
|                   valid.cstr                         |    <0.001 |
|                     ramloop[0].ram.r                 |    <0.001 |
|                       prim_noinit.ram                |    <0.001 |
|         bbx_memory                                   |     0.003 |
|           U0                                         |     0.003 |
|             inst_blk_mem_gen                         |     0.003 |
|               gnbram.gnativebmg.native_blk_mem_gen   |     0.003 |
|                 valid.cstr                           |     0.003 |
|                   bindec_a.bindec_inst_a             |    <0.001 |
|                   bindec_b.bindec_inst_b             |    <0.001 |
|                   has_mux_b.B                        |    <0.001 |
|                   ramloop[0].ram.r                   |    <0.001 |
|                     prim_noinit.ram                  |    <0.001 |
|                   ramloop[10].ram.r                  |    <0.001 |
|                     prim_noinit.ram                  |    <0.001 |
|                   ramloop[11].ram.r                  |    <0.001 |
|                     prim_noinit.ram                  |    <0.001 |
|                   ramloop[12].ram.r                  |    <0.001 |
|                     prim_noinit.ram                  |    <0.001 |
|                   ramloop[13].ram.r                  |    <0.001 |
|                     prim_noinit.ram                  |    <0.001 |
|                   ramloop[14].ram.r                  |    <0.001 |
|                     prim_noinit.ram                  |    <0.001 |
|                   ramloop[1].ram.r                   |    <0.001 |
|                     prim_noinit.ram                  |    <0.001 |
|                   ramloop[2].ram.r                   |    <0.001 |
|                     prim_noinit.ram                  |    <0.001 |
|                   ramloop[3].ram.r                   |    <0.001 |
|                     prim_noinit.ram                  |    <0.001 |
|                   ramloop[4].ram.r                   |    <0.001 |
|                     prim_noinit.ram                  |    <0.001 |
|                   ramloop[5].ram.r                   |    <0.001 |
|                     prim_noinit.ram                  |    <0.001 |
|                   ramloop[6].ram.r                   |    <0.001 |
|                     prim_noinit.ram                  |    <0.001 |
|                   ramloop[7].ram.r                   |    <0.001 |
|                     prim_noinit.ram                  |    <0.001 |
|                   ramloop[8].ram.r                   |    <0.001 |
|                     prim_noinit.ram                  |    <0.001 |
|                   ramloop[9].ram.r                   |    <0.001 |
|                     prim_noinit.ram                  |    <0.001 |
|         memory                                       |     0.007 |
|           U0                                         |     0.007 |
|             inst_blk_mem_gen                         |     0.007 |
|               gnbram.gnativebmg.native_blk_mem_gen   |     0.007 |
|                 valid.cstr                           |     0.007 |
|                   bindec_a.bindec_inst_a             |    <0.001 |
|                   bindec_b.bindec_inst_b             |    <0.001 |
|                   has_mux_a.A                        |     0.001 |
|                   has_mux_b.B                        |    <0.001 |
|                   ramloop[0].ram.r                   |    <0.001 |
|                     prim_init.ram                    |    <0.001 |
|                   ramloop[10].ram.r                  |    <0.001 |
|                     prim_init.ram                    |    <0.001 |
|                   ramloop[11].ram.r                  |    <0.001 |
|                     prim_init.ram                    |    <0.001 |
|                   ramloop[12].ram.r                  |    <0.001 |
|                     prim_init.ram                    |    <0.001 |
|                   ramloop[13].ram.r                  |    <0.001 |
|                     prim_init.ram                    |    <0.001 |
|                   ramloop[14].ram.r                  |    <0.001 |
|                     prim_init.ram                    |    <0.001 |
|                   ramloop[1].ram.r                   |     0.001 |
|                     prim_init.ram                    |     0.001 |
|                   ramloop[2].ram.r                   |     0.001 |
|                     prim_init.ram                    |     0.001 |
|                   ramloop[3].ram.r                   |    <0.001 |
|                     prim_init.ram                    |    <0.001 |
|                   ramloop[4].ram.r                   |    <0.001 |
|                     prim_init.ram                    |    <0.001 |
|                   ramloop[5].ram.r                   |    <0.001 |
|                     prim_init.ram                    |    <0.001 |
|                   ramloop[6].ram.r                   |    <0.001 |
|                     prim_init.ram                    |    <0.001 |
|                   ramloop[7].ram.r                   |    <0.001 |
|                     prim_init.ram                    |    <0.001 |
|                   ramloop[8].ram.r                   |    <0.001 |
|                     prim_init.ram                    |    <0.001 |
|                   ramloop[9].ram.r                   |    <0.001 |
|                     prim_init.ram                    |    <0.001 |
|     proc_sys_reset_0                                 |    <0.001 |
|       U0                                             |    <0.001 |
|         EXT_LPF                                      |    <0.001 |
|           ACTIVE_HIGH_EXT.ACT_HI_EXT                 |    <0.001 |
|           ACTIVE_LOW_AUX.ACT_LO_AUX                  |    <0.001 |
|         SEQ                                          |    <0.001 |
|           SEQ_COUNTER                                |    <0.001 |
|     sd_multiplexer_0                                 |    <0.001 |
|       inst                                           |    <0.001 |
|     xlconstant_0                                     |     0.000 |
+------------------------------------------------------+-----------+


