Task "Create Project" successful.
Generated logfile: 
Generating Xilinx Vivado with IP Integrator project: <a href="matlab:downstream.tool.openTargetTool('C:\Xilinx\Vivado\2018.2\bin\vivado vivado_prj.xpr &','hdl_prj\vivado_ip_prj\vivado_prj.xpr',0);">hdl_prj\vivado_ip_prj\vivado_prj.xpr</a>
****** Vivado v2018.2.2 (64-bit)
  **** SW Build 2348494 on Mon Oct  1 18:25:44 MDT 2018
  **** IP Build 2318053 on Mon Oct  1 21:44:26 MDT 2018
    ** Copyright 1986-2018 Xilinx, Inc. All Rights Reserved.

source vivado_create_prj.tcl
# create_project vivado_prj {} -part xc7z010clg400-1 -force
# set_property target_language VHDL [current_project]
# set defaultRepoPath {./ipcore}
# set_property ip_repo_paths $defaultRepoPath [current_fileset]
# update_ip_catalog
INFO: [IP_Flow 19-234] Refreshing IP repositories
INFO: [IP_Flow 19-1700] Loaded user IP repository 'q:/work/hdl_prj/vivado_ip_prj/ipcore'.
INFO: [IP_Flow 19-2313] Loaded Vivado IP repository 'C:/Xilinx/Vivado/2018.2/data/ip'.
# set ipList [glob -nocomplain -directory $defaultRepoPath *.zip]
# foreach ipCore $ipList {
#   set folderList [glob -nocomplain -directory $defaultRepoPath -type d *]
#   if {[lsearch -exact $folderList [file rootname $ipCore]] == -1} {
#     catch {update_ip_catalog -add_ip $ipCore -repo_path $defaultRepoPath}
#   }
# }
# update_ip_catalog
# source vivado_custom_block_design.tcl
## namespace eval _tcl {
## proc get_script_folder {} {
##    set script_path [file normalize [info script]]
##    set script_folder [file dirname $script_path]
##    return $script_folder
## }
## }
## variable script_folder
## set script_folder [_tcl::get_script_folder]
## set scripts_vivado_version 2018.2
## set current_vivado_version [version -short]
## if { [string first $scripts_vivado_version $current_vivado_version] == -1 } {
##    puts ""
##    catch {common::send_msg_id "BD_TCL-109" "ERROR" "This script was generated using Vivado <$scripts_vivado_version> and is being run in <$current_vivado_version> of Vivado. Please run the script in Vivado <$scripts_vivado_version> then open the design in Vivado <$current_vivado_version>. Upgrade the design by running \"Tools => Report => Report IP Status...\", then run write_bd_tcl to create an updated script."}
## 
##    return 1
## }
## set list_projs [get_projects -quiet]
## if { $list_projs eq "" } {
##    create_project project_1 myproj -part xc7z010clg400-1
## }
## variable design_name
## set design_name design_1
## set errMsg ""
## set nRet 0
## set cur_design [current_bd_design -quiet]
## set list_cells [get_bd_cells -quiet]
## if { ${design_name} eq "" } {
##    # USE CASES:
##    #    1) Design_name not set
## 
##    set errMsg "Please set the variable <design_name> to a non-empty value."
##    set nRet 1
## 
## } elseif { ${cur_design} ne "" && ${list_cells} eq "" } {
##    # USE CASES:
##    #    2): Current design opened AND is empty AND names same.
##    #    3): Current design opened AND is empty AND names diff; design_name NOT in project.
##    #    4): Current design opened AND is empty AND names diff; design_name exists in project.
## 
##    if { $cur_design ne $design_name } {
##       common::send_msg_id "BD_TCL-001" "INFO" "Changing value of <design_name> from <$design_name> to <$cur_design> since current design is empty."
##       set design_name [get_property NAME $cur_design]
##    }
##    common::send_msg_id "BD_TCL-002" "INFO" "Constructing design in IPI design <$cur_design>..."
## 
## } elseif { ${cur_design} ne "" && $list_cells ne "" && $cur_design eq $design_name } {
##    # USE CASES:
##    #    5) Current design opened AND has components AND same names.
## 
##    set errMsg "Design <$design_name> already exists in your project, please set the variable <design_name> to another value."
##    set nRet 1
## } elseif { [get_files -quiet ${design_name}.bd] ne "" } {
##    # USE CASES: 
##    #    6) Current opened design, has components, but diff names, design_name exists in project.
##    #    7) No opened design, design_name exists in project.
## 
##    set errMsg "Design <$design_name> already exists in your project, please set the variable <design_name> to another value."
##    set nRet 2
## 
## } else {
##    # USE CASES:
##    #    8) No opened design, design_name not in project.
##    #    9) Current opened design, has components, but diff names, design_name not in project.
## 
##    common::send_msg_id "BD_TCL-003" "INFO" "Currently there is no design <$design_name> in project, so creating one..."
## 
##    create_bd_design $design_name
## 
##    common::send_msg_id "BD_TCL-004" "INFO" "Making design <$design_name> as current_bd_design."
##    current_bd_design $design_name
## 
## }
INFO: [BD_TCL-3] Currently there is no design <design_1> in project, so creating one...
Wrote  : <Q:/work/hdl_prj/vivado_ip_prj/vivado_prj.srcs/sources_1/bd/design_1/design_1.bd> 
INFO: [BD_TCL-4] Making design <design_1> as current_bd_design.
## common::send_msg_id "BD_TCL-005" "INFO" "Currently the variable <design_name> is equal to \"$design_name\"."
INFO: [BD_TCL-5] Currently the variable <design_name> is equal to "design_1".
## if { $nRet != 0 } {
##    catch {common::send_msg_id "BD_TCL-114" "ERROR" $errMsg}
##    return $nRet
## }
## set bCheckIPsPassed 1
## set bCheckIPs 1
## if { $bCheckIPs == 1 } {
##    set list_check_ips "\ 
## xilinx.com:ip:clk_wiz:6.0\
## aut.bme.hu:fiek:ioexp:1.0\
## aut.bme.hu:user:mon_module:1.0\
## xilinx.com:ip:proc_sys_reset:5.0\
## aut.bme.hu:fiek:sd_multiplexer:1.0\
## xilinx.com:ip:xlconstant:1.1\
## "
## 
##    set list_ips_missing ""
##    common::send_msg_id "BD_TCL-006" "INFO" "Checking if the following IPs exist in the project's IP catalog: $list_check_ips ."
## 
##    foreach ip_vlnv $list_check_ips {
##       set ip_obj [get_ipdefs -all $ip_vlnv]
##       if { $ip_obj eq "" } {
##          lappend list_ips_missing $ip_vlnv
##       }
##    }
## 
##    if { $list_ips_missing ne "" } {
##       catch {common::send_msg_id "BD_TCL-115" "ERROR" "The following IPs are not found in the IP Catalog:\n  $list_ips_missing\n\nResolution: Please add the repository containing the IP(s) to the project." }
##       set bCheckIPsPassed 0
##    }
## 
## }
INFO: [BD_TCL-6] Checking if the following IPs exist in the project's IP catalog:  
xilinx.com:ip:clk_wiz:6.0 aut.bme.hu:fiek:ioexp:1.0 aut.bme.hu:user:mon_module:1.0 xilinx.com:ip:proc_sys_reset:5.0 aut.bme.hu:fiek:sd_multiplexer:1.0 xilinx.com:ip:xlconstant:1.1  .
## if { $bCheckIPsPassed != 1 } {
##   common::send_msg_id "BD_TCL-1003" "WARNING" "Will not continue with creation of design due to the error(s) above."
##   return 3
## }
## proc create_root_design { parentCell } {
## 
##   variable script_folder
##   variable design_name
## 
##   if { $parentCell eq "" } {
##      set parentCell [get_bd_cells /]
##   }
## 
##   # Get object for parentCell
##   set parentObj [get_bd_cells $parentCell]
##   if { $parentObj == "" } {
##      catch {common::send_msg_id "BD_TCL-100" "ERROR" "Unable to find parent cell <$parentCell>!"}
##      return
##   }
## 
##   # Make sure parentObj is hier blk
##   set parentType [get_property TYPE $parentObj]
##   if { $parentType ne "hier" } {
##      catch {common::send_msg_id "BD_TCL-101" "ERROR" "Parent <$parentObj> has TYPE = <$parentType>. Expected to be <hier>."}
##      return
##   }
## 
##   # Save current instance; Restore later
##   set oldCurInst [current_bd_instance .]
## 
##   # Set parent object as current
##   current_bd_instance $parentObj
## 
## 
##   # Create interface ports
## 
##   # Create ports
##   set clk125 [ create_bd_port -dir I -type clk clk125 ]
##   set_property -dict [ list \
##    CONFIG.FREQ_HZ {125000000} \
##  ] $clk125
##   set ioext_spi_clk [ create_bd_port -dir O ioext_spi_clk ]
##   set ioext_spi_cs [ create_bd_port -dir O ioext_spi_cs ]
##   set ioext_spi_miso [ create_bd_port -dir I ioext_spi_miso ]
##   set ioext_spi_mosi [ create_bd_port -dir O ioext_spi_mosi ]
##   set reset_btn [ create_bd_port -dir I -type rst reset_btn ]
##   set_property -dict [ list \
##    CONFIG.POLARITY {ACTIVE_HIGH} \
##  ] $reset_btn
##   set sd [ create_bd_port -dir O -from 3 -to 0 sd ]
##   set sd_clk_0 [ create_bd_port -dir O sd_clk_0 ]
##   set sd_clk_90 [ create_bd_port -dir O sd_clk_90 ]
##   set uart_rx [ create_bd_port -dir I uart_rx ]
##   set uart_tx [ create_bd_port -dir O uart_tx ]
## 
##   # Create instance: clk_wiz_0, and set properties
##   set clk_wiz_0 [ create_bd_cell -type ip -vlnv xilinx.com:ip:clk_wiz:6.0 clk_wiz_0 ]
##   set_property -dict [ list \
##    CONFIG.CLKIN1_JITTER_PS {80.0} \
##    CONFIG.CLKOUT1_JITTER {277.027} \
##    CONFIG.CLKOUT1_PHASE_ERROR {265.359} \
##    CONFIG.CLKOUT1_REQUESTED_DUTY_CYCLE {65.000} \
##    CONFIG.CLKOUT1_REQUESTED_OUT_FREQ {80.000} \
##    CONFIG.CLKOUT1_USED {true} \
##    CONFIG.CLKOUT2_JITTER {369.430} \
##    CONFIG.CLKOUT2_PHASE_ERROR {265.359} \
##    CONFIG.CLKOUT2_REQUESTED_DUTY_CYCLE {50.000} \
##    CONFIG.CLKOUT2_REQUESTED_OUT_FREQ {20.000} \
##    CONFIG.CLKOUT2_USED {true} \
##    CONFIG.CLKOUT3_JITTER {265.121} \
##    CONFIG.CLKOUT3_PHASE_ERROR {265.359} \
##    CONFIG.CLKOUT3_REQUESTED_OUT_FREQ {25.000} \
##    CONFIG.CLKOUT3_USED {false} \
##    CONFIG.CLKOUT4_JITTER {265.121} \
##    CONFIG.CLKOUT4_PHASE_ERROR {265.359} \
##    CONFIG.CLKOUT4_REQUESTED_OUT_FREQ {20.000} \
##    CONFIG.CLKOUT4_USED {false} \
##    CONFIG.CLKOUT5_JITTER {265.121} \
##    CONFIG.CLKOUT5_PHASE_ERROR {265.359} \
##    CONFIG.CLKOUT5_USED {false} \
##    CONFIG.CLK_OUT1_PORT {clkx4} \
##    CONFIG.CLK_OUT2_PORT {clk} \
##    CONFIG.CLK_OUT3_PORT {clk25} \
##    CONFIG.CLK_OUT4_PORT {clk} \
##    CONFIG.MMCM_CLKFBOUT_MULT_F {32.000} \
##    CONFIG.MMCM_CLKIN1_PERIOD {8.000} \
##    CONFIG.MMCM_CLKOUT0_DIVIDE_F {10.000} \
##    CONFIG.MMCM_CLKOUT0_DUTY_CYCLE {0.650} \
##    CONFIG.MMCM_CLKOUT1_DIVIDE {40} \
##    CONFIG.MMCM_CLKOUT1_DUTY_CYCLE {0.500} \
##    CONFIG.MMCM_CLKOUT2_DIVIDE {1} \
##    CONFIG.MMCM_CLKOUT3_DIVIDE {1} \
##    CONFIG.MMCM_CLKOUT4_DIVIDE {1} \
##    CONFIG.MMCM_DIVCLK_DIVIDE {5} \
##    CONFIG.NUM_OUT_CLKS {2} \
##    CONFIG.RESET_PORT {reset} \
##    CONFIG.RESET_TYPE {ACTIVE_HIGH} \
##  ] $clk_wiz_0
## 
##   # Create instance: ioexp_0, and set properties
##   set ioexp_0 [ create_bd_cell -type ip -vlnv aut.bme.hu:fiek:ioexp:1.0 ioexp_0 ]
## 
##   # Create instance: mon_module_0, and set properties
##   set mon_module_0 [ create_bd_cell -type ip -vlnv aut.bme.hu:user:mon_module:1.0 mon_module_0 ]
##   set_property -dict [ list \
##    CONFIG.baud_rate_step {0x1798} \
##  ] $mon_module_0
## 
##   # Create instance: proc_sys_reset_0, and set properties
##   set proc_sys_reset_0 [ create_bd_cell -type ip -vlnv xilinx.com:ip:proc_sys_reset:5.0 proc_sys_reset_0 ]
##   set_property -dict [ list \
##    CONFIG.C_EXT_RST_WIDTH {4} \
##    CONFIG.C_NUM_PERP_ARESETN {1} \
##  ] $proc_sys_reset_0
## 
##   # Create instance: sd_multiplexer_0, and set properties
##   set sd_multiplexer_0 [ create_bd_cell -type ip -vlnv aut.bme.hu:fiek:sd_multiplexer:1.0 sd_multiplexer_0 ]
## 
##   # Create instance: xlconstant_0, and set properties
##   set xlconstant_0 [ create_bd_cell -type ip -vlnv xilinx.com:ip:xlconstant:1.1 xlconstant_0 ]
##   set_property -dict [ list \
##    CONFIG.CONST_VAL {0} \
##  ] $xlconstant_0
## 
##   # Create port connections
##   connect_bd_net -net clk125_1 [get_bd_ports clk125] [get_bd_pins clk_wiz_0/clk_in1]
##   connect_bd_net -net clk_wiz_0_clk10 [get_bd_pins clk_wiz_0/clk] [get_bd_pins ioexp_0/clk] [get_bd_pins mon_module_0/clk] [get_bd_pins proc_sys_reset_0/slowest_sync_clk] [get_bd_pins sd_multiplexer_0/clk]
##   connect_bd_net -net clk_wiz_0_clkx4 [get_bd_pins clk_wiz_0/clkx4] [get_bd_pins sd_multiplexer_0/clkx4]
##   connect_bd_net -net clk_wiz_0_locked [get_bd_pins clk_wiz_0/locked] [get_bd_pins proc_sys_reset_0/dcm_locked]
##   connect_bd_net -net ioexp_0_cs [get_bd_ports ioext_spi_cs] [get_bd_pins ioexp_0/cs]
##   connect_bd_net -net ioexp_0_mosi [get_bd_ports ioext_spi_mosi] [get_bd_pins ioexp_0/mosi]
##   connect_bd_net -net ioexp_0_sck [get_bd_ports ioext_spi_clk] [get_bd_pins ioexp_0/sck]
##   connect_bd_net -net ioext_spi_miso_1 [get_bd_ports ioext_spi_miso] [get_bd_pins ioexp_0/miso]
##   connect_bd_net -net mon_module_0_TxD [get_bd_ports uart_tx] [get_bd_pins mon_module_0/TxD]
##   connect_bd_net -net proc_sys_reset_0_peripheral_reset [get_bd_pins ioexp_0/reset] [get_bd_pins mon_module_0/reset] [get_bd_pins proc_sys_reset_0/peripheral_reset]
##   connect_bd_net -net reset_btn_1 [get_bd_ports reset_btn] [get_bd_pins proc_sys_reset_0/ext_reset_in]
##   connect_bd_net -net sd_multiplexer_0_sd [get_bd_ports sd] [get_bd_pins sd_multiplexer_0/sd]
##   connect_bd_net -net sd_multiplexer_0_sd_clk_0 [get_bd_ports sd_clk_0] [get_bd_pins sd_multiplexer_0/sd_clk_0]
##   connect_bd_net -net sd_multiplexer_0_sd_clk_90 [get_bd_ports sd_clk_90] [get_bd_pins sd_multiplexer_0/sd_clk_90]
##   connect_bd_net -net uart_rx_1 [get_bd_ports uart_rx] [get_bd_pins mon_module_0/RxD]
##   connect_bd_net -net xlconstant_0_dout [get_bd_pins clk_wiz_0/reset] [get_bd_pins xlconstant_0/dout]
## 
##   # Create address segments
## 
## 
##   # Restore current instance
##   current_bd_instance $oldCurInst
## 
##   save_bd_design
## }
## create_root_design ""
WARNING: [IP_Flow 19-3374] An attempt to modify the value of disabled parameter 'CLK_OUT3_PORT' from 'clk_out3' to 'clk25' has been ignored for IP 'clk_wiz_0'
WARNING: [IP_Flow 19-3374] An attempt to modify the value of disabled parameter 'CLK_OUT4_PORT' from 'clk_out4' to 'clk' has been ignored for IP 'clk_wiz_0'
WARNING: [IP_Flow 19-3374] An attempt to modify the value of disabled parameter 'CLKOUT3_REQUESTED_OUT_FREQ' from '100.000' to '25.000' has been ignored for IP 'clk_wiz_0'
WARNING: [IP_Flow 19-3374] An attempt to modify the value of disabled parameter 'CLKOUT4_REQUESTED_OUT_FREQ' from '100.000' to '20.000' has been ignored for IP 'clk_wiz_0'
WARNING: [IP_Flow 19-3374] An attempt to modify the value of disabled parameter 'MMCM_DIVCLK_DIVIDE' from '1' to '5' has been ignored for IP 'clk_wiz_0'
WARNING: [IP_Flow 19-3374] An attempt to modify the value of disabled parameter 'MMCM_CLKFBOUT_MULT_F' from '8.000' to '32.000' has been ignored for IP 'clk_wiz_0'
WARNING: [IP_Flow 19-3374] An attempt to modify the value of disabled parameter 'MMCM_CLKIN1_PERIOD' from '10.000' to '8.000' has been ignored for IP 'clk_wiz_0'
WARNING: [BD 41-1731] Type mismatch between connected pins: /clk_wiz_0/clkx4(clk) and /sd_multiplexer_0/clkx4(undef)
Wrote  : <Q:/work/hdl_prj/vivado_ip_prj/vivado_prj.srcs/sources_1/bd/design_1/design_1.bd> 
## common::send_msg_id "BD_TCL-1000" "WARNING" "This Tcl script was generated from a block design that has not been validated. It is possible that design <$design_name> may result in errors during validation."
WARNING: [BD_TCL-1000] This Tcl script was generated from a block design that has not been validated. It is possible that design <design_1> may result in errors during validation.
# set_property synth_checkpoint_mode None [get_files design_1.bd]
# save_bd_design
# close_project
# exit
INFO: [Common 17-206] Exiting Vivado at Fri Mar 27 14:59:30 2026...

Elapsed time is 12.9369 seconds.

****** Vivado v2018.2.2 (64-bit)
  **** SW Build 2348494 on Mon Oct  1 18:25:44 MDT 2018
  **** IP Build 2318053 on Mon Oct  1 21:44:26 MDT 2018
    ** Copyright 1986-2018 Xilinx, Inc. All Rights Reserved.

source vivado_insert_ip.tcl
# open_project vivado_prj.xpr
Scanning sources...
Finished scanning sources
INFO: [IP_Flow 19-234] Refreshing IP repositories
INFO: [IP_Flow 19-1700] Loaded user IP repository 'q:/work/hdl_prj/vivado_ip_prj/ipcore'.
INFO: [IP_Flow 19-2313] Loaded Vivado IP repository 'C:/Xilinx/Vivado/2018.2/data/ip'.
# update_ip_catalog -delete_ip {./ipcore/RLUb_HIL_ip_v1_0/component.xml} -repo_path {./ipcore} -quiet
# update_ip_catalog -add_ip {./ipcore/RLUb_HIL_ip_v1_0.zip} -repo_path {./ipcore}
INFO: [IP_Flow 19-949] Unzipped './ipcore/RLUb_HIL_ip_v1_0.zip' into repository 'q:/work/hdl_prj/vivado_ip_prj/ipcore'.
INFO: [IP_Flow 19-725] Reloaded user IP repository 'q:/work/hdl_prj/vivado_ip_prj/ipcore'
# update_ip_catalog
# set HDLCODERIPVLNV [get_property VLNV [get_ipdefs -filter {NAME==RLUb_HIL_ip && VERSION==1.0}]]
# set HDLCODERIPINST RLUb_HIL_ip_0
# set BDFILEPATH [get_files -quiet design_1.bd]
# open_bd_design $BDFILEPATH
Adding cell -- xilinx.com:ip:clk_wiz:6.0 - clk_wiz_0
Adding cell -- aut.bme.hu:fiek:ioexp:1.0 - ioexp_0
Adding cell -- aut.bme.hu:user:mon_module:1.0 - mon_module_0
Adding cell -- xilinx.com:ip:proc_sys_reset:5.0 - proc_sys_reset_0
Adding cell -- aut.bme.hu:fiek:sd_multiplexer:1.0 - sd_multiplexer_0
Adding cell -- xilinx.com:ip:xlconstant:1.1 - xlconstant_0
WARNING: [BD 41-1731] Type mismatch between connected pins: /clk_wiz_0/clkx4(clk) and /sd_multiplexer_0/clkx4(undef)
Successfully read diagram <design_1> from BD file <Q:/work/hdl_prj/vivado_ip_prj/vivado_prj.srcs/sources_1/bd/design_1/design_1.bd>
# create_bd_cell -type ip -vlnv $HDLCODERIPVLNV $HDLCODERIPINST
WARNING: [BD 5-234] No nets matched 'get_bd_nets -of_objects /ioexp_0/outdata'
# connect_bd_net -net [get_bd_nets -of_objects [get_bd_pins ioexp_0/outdata]] [get_bd_pins $HDLCODERIPINST/IOextOut] [get_bd_pins ioexp_0/outdata]
WARNING: [BD 5-234] No nets matched 'get_bd_nets -of_objects /ioexp_0/indata'
# connect_bd_net -net [get_bd_nets -of_objects [get_bd_pins ioexp_0/indata]] [get_bd_pins $HDLCODERIPINST/IOextIn] [get_bd_pins ioexp_0/indata]
WARNING: [BD 5-234] No nets matched 'get_bd_nets -of_objects /sd_multiplexer_0/sdac_a'
# connect_bd_net -net [get_bd_nets -of_objects [get_bd_pins sd_multiplexer_0/sdac_a]] [get_bd_pins $HDLCODERIPINST/SDMuxA] [get_bd_pins sd_multiplexer_0/sdac_a]
WARNING: [BD 5-234] No nets matched 'get_bd_nets -of_objects /sd_multiplexer_0/sdac_b'
# connect_bd_net -net [get_bd_nets -of_objects [get_bd_pins sd_multiplexer_0/sdac_b]] [get_bd_pins $HDLCODERIPINST/SDMuxB] [get_bd_pins sd_multiplexer_0/sdac_b]
WARNING: [BD 5-234] No nets matched 'get_bd_nets -of_objects /mon_module_0/data0'
# connect_bd_net -net [get_bd_nets -of_objects [get_bd_pins mon_module_0/data0]] [get_bd_pins $HDLCODERIPINST/Data0] [get_bd_pins mon_module_0/data0]
WARNING: [BD 5-234] No nets matched 'get_bd_nets -of_objects /mon_module_0/data1'
# connect_bd_net -net [get_bd_nets -of_objects [get_bd_pins mon_module_0/data1]] [get_bd_pins $HDLCODERIPINST/Data1] [get_bd_pins mon_module_0/data1]
WARNING: [BD 5-234] No nets matched 'get_bd_nets -of_objects /mon_module_0/data2'
# connect_bd_net -net [get_bd_nets -of_objects [get_bd_pins mon_module_0/data2]] [get_bd_pins $HDLCODERIPINST/Data2] [get_bd_pins mon_module_0/data2]
WARNING: [BD 5-234] No nets matched 'get_bd_nets -of_objects /mon_module_0/data3'
# connect_bd_net -net [get_bd_nets -of_objects [get_bd_pins mon_module_0/data3]] [get_bd_pins $HDLCODERIPINST/Data3] [get_bd_pins mon_module_0/data3]
WARNING: [BD 5-234] No nets matched 'get_bd_nets -of_objects /mon_module_0/data4'
# connect_bd_net -net [get_bd_nets -of_objects [get_bd_pins mon_module_0/data4]] [get_bd_pins $HDLCODERIPINST/Data4] [get_bd_pins mon_module_0/data4]
WARNING: [BD 5-234] No nets matched 'get_bd_nets -of_objects /mon_module_0/param0'
# connect_bd_net -net [get_bd_nets -of_objects [get_bd_pins mon_module_0/param0]] [get_bd_pins $HDLCODERIPINST/Param0] [get_bd_pins mon_module_0/param0]
WARNING: [BD 5-234] No nets matched 'get_bd_nets -of_objects /mon_module_0/param1'
# connect_bd_net -net [get_bd_nets -of_objects [get_bd_pins mon_module_0/param1]] [get_bd_pins $HDLCODERIPINST/Param1] [get_bd_pins mon_module_0/param1]
WARNING: [BD 5-234] No nets matched 'get_bd_nets -of_objects /mon_module_0/param2'
# connect_bd_net -net [get_bd_nets -of_objects [get_bd_pins mon_module_0/param2]] [get_bd_pins $HDLCODERIPINST/Param2] [get_bd_pins mon_module_0/param2]
WARNING: [BD 5-234] No nets matched 'get_bd_nets -of_objects /mon_module_0/param3'
# connect_bd_net -net [get_bd_nets -of_objects [get_bd_pins mon_module_0/param3]] [get_bd_pins $HDLCODERIPINST/Param3] [get_bd_pins mon_module_0/param3]
WARNING: [BD 5-234] No nets matched 'get_bd_nets -of_objects /mon_module_0/param4'
# connect_bd_net -net [get_bd_nets -of_objects [get_bd_pins mon_module_0/param4]] [get_bd_pins $HDLCODERIPINST/Param4] [get_bd_pins mon_module_0/param4]
WARNING: [BD 5-234] No nets matched 'get_bd_nets -of_objects /mon_module_0/param5'
# connect_bd_net -net [get_bd_nets -of_objects [get_bd_pins mon_module_0/param5]] [get_bd_pins $HDLCODERIPINST/Param5] [get_bd_pins mon_module_0/param5]
WARNING: [BD 5-234] No nets matched 'get_bd_nets -of_objects /mon_module_0/param6'
# connect_bd_net -net [get_bd_nets -of_objects [get_bd_pins mon_module_0/param6]] [get_bd_pins $HDLCODERIPINST/Param6] [get_bd_pins mon_module_0/param6]
WARNING: [BD 5-234] No nets matched 'get_bd_nets -of_objects /mon_module_0/param7'
# connect_bd_net -net [get_bd_nets -of_objects [get_bd_pins mon_module_0/param7]] [get_bd_pins $HDLCODERIPINST/Param7] [get_bd_pins mon_module_0/param7]
# connect_bd_net -net [get_bd_nets -of_objects [get_bd_pins clk_wiz_0/clk]] [get_bd_pins $HDLCODERIPINST/IPCORE_CLK] [get_bd_pins clk_wiz_0/clk]
WARNING: [BD 5-234] No nets matched 'get_bd_nets -of_objects /proc_sys_reset_0/peripheral_aresetn'
# connect_bd_net -net [get_bd_nets -of_objects [get_bd_pins proc_sys_reset_0/peripheral_aresetn]] [get_bd_pins $HDLCODERIPINST/IPCORE_RESETN] [get_bd_pins proc_sys_reset_0/peripheral_aresetn]
# create_bd_port -dir O -from 3 -to 0 QEP
# connect_bd_net [get_bd_ports QEP] [get_bd_pins $HDLCODERIPINST/QEP]
# create_bd_port -dir O -from 3 -to 0 Fail
# connect_bd_net [get_bd_ports Fail] [get_bd_pins $HDLCODERIPINST/Fail]
# create_bd_port -dir I -from 3 -to 0 CtrlH
# connect_bd_net [get_bd_ports CtrlH] [get_bd_pins $HDLCODERIPINST/CtrlH]
# create_bd_port -dir I -from 3 -to 0 CtrlL
# connect_bd_net [get_bd_ports CtrlL] [get_bd_pins $HDLCODERIPINST/CtrlL]
# create_bd_port -dir O -from 3 -to 0 Status
# connect_bd_net [get_bd_ports Status] [get_bd_pins $HDLCODERIPINST/Status]
# create_bd_port -dir I -from 2 -to 0 ZyboBTN
# connect_bd_net [get_bd_ports ZyboBTN] [get_bd_pins $HDLCODERIPINST/ZyboBTN]
# create_bd_port -dir I -from 3 -to 0 ZyboSW
# connect_bd_net [get_bd_ports ZyboSW] [get_bd_pins $HDLCODERIPINST/ZyboSW]
# create_bd_port -dir O -from 3 -to 0 ZyboLED
# connect_bd_net [get_bd_ports ZyboLED] [get_bd_pins $HDLCODERIPINST/ZyboLED]
# make_wrapper -files $BDFILEPATH -top
WARNING: [BD 41-927] Following properties on pin /ioexp_0/clk have been updated from connected ip. They may not be synchronized with cell properties. You can set property on pin directly to confirm the value and resolve the warning.
	CLK_DOMAIN=/clk_wiz_0_clk_out1 
WARNING: [BD 41-927] Following properties on pin /ioexp_0/reset have been updated from connected ip. They may not be synchronized with cell properties. You can set property on pin directly to confirm the value and resolve the warning.
	POLARITY=ACTIVE_HIGH 
WARNING: [BD 41-927] Following properties on pin /mon_module_0/clk have been updated from connected ip. They may not be synchronized with cell properties. You can set property on pin directly to confirm the value and resolve the warning.
	CLK_DOMAIN=/clk_wiz_0_clk_out1 
WARNING: [BD 41-927] Following properties on pin /mon_module_0/reset have been updated from connected ip. They may not be synchronized with cell properties. You can set property on pin directly to confirm the value and resolve the warning.
	POLARITY=ACTIVE_HIGH 
WARNING: [BD 41-927] Following properties on pin /sd_multiplexer_0/clk have been updated from connected ip. They may not be synchronized with cell properties. You can set property on pin directly to confirm the value and resolve the warning.
	CLK_DOMAIN=/clk_wiz_0_clk_out1 
CRITICAL WARNING: [BD 41-759] The input pins (listed below) are either not connected or do not have a source port, and they don't have a tie-off specified. These pins are tied-off to all 0's to avoid error in Implementation flow.
Please check your design and connect them as needed: 
/mon_module_0/data5
/mon_module_0/data6
/mon_module_0/data7
/mon_module_0/data8
/mon_module_0/data9
/mon_module_0/data10
/mon_module_0/data11
/mon_module_0/data12
/mon_module_0/data13
/mon_module_0/data14
/mon_module_0/data15
/mon_module_0/data16
/mon_module_0/data17
/mon_module_0/data18
/mon_module_0/data19
/mon_module_0/data20
/mon_module_0/data21
/mon_module_0/data22
/mon_module_0/data23
/mon_module_0/data24
/mon_module_0/data25
/mon_module_0/data26
/mon_module_0/data27
/mon_module_0/data28
/mon_module_0/data29
/mon_module_0/data30
/mon_module_0/data31
/mon_module_0/data32
/mon_module_0/data33
/mon_module_0/data34
/mon_module_0/data35
/mon_module_0/data36
/mon_module_0/data37
/mon_module_0/data38
/mon_module_0/data39
/mon_module_0/data40
/mon_module_0/data41
/mon_module_0/data42
/mon_module_0/data43
/mon_module_0/data44
/mon_module_0/data45
/mon_module_0/data46
/mon_module_0/data47
/mon_module_0/data48
/mon_module_0/data49
/mon_module_0/data50
/mon_module_0/data51
/mon_module_0/data52
/mon_module_0/data53
/mon_module_0/data54
/mon_module_0/data55
/mon_module_0/data56
/mon_module_0/data57
/mon_module_0/data58
/mon_module_0/data59
/mon_module_0/data60
/mon_module_0/data61
/mon_module_0/data62
/mon_module_0/data63
/mon_module_0/data64
/mon_module_0/data65
/mon_module_0/data66
/mon_module_0/data67
/mon_module_0/data68
/mon_module_0/data69
/mon_module_0/data70
/mon_module_0/data71
/mon_module_0/data72
/mon_module_0/data73
/mon_module_0/data74
/mon_module_0/data75
/mon_module_0/data76
/mon_module_0/data77
/mon_module_0/data78
/mon_module_0/data79
/mon_module_0/data80
/mon_module_0/data81
/mon_module_0/data82
/mon_module_0/data83
/mon_module_0/data84
/mon_module_0/data85
/mon_module_0/data86
/mon_module_0/data87
/mon_module_0/data88
/mon_module_0/data89
/mon_module_0/data90
/mon_module_0/data91
/mon_module_0/data92
/mon_module_0/data93
/mon_module_0/data94
/mon_module_0/data95
/mon_module_0/data96
/mon_module_0/data97
/mon_module_0/data98
/mon_module_0/data99
/mon_module_0/data100
/mon_module_0/data101
/mon_module_0/data102
/mon_module_0/data103
/mon_module_0/data104
/mon_module_0/data105
/mon_module_0/data106
/mon_module_0/data107
/mon_module_0/data108
/mon_module_0/data109
/mon_module_0/data110
/mon_module_0/data111
/mon_module_0/data112
/mon_module_0/data113
/mon_module_0/data114
/mon_module_0/data115
/mon_module_0/data116
/mon_module_0/data117
/mon_module_0/data118
/mon_module_0/data119
/mon_module_0/data120
/mon_module_0/data121
/mon_module_0/data122
/mon_module_0/data123
/mon_module_0/data124
/mon_module_0/data125
/mon_module_0/data126
/mon_module_0/data127

Wrote  : <Q:/work/hdl_prj/vivado_ip_prj/vivado_prj.srcs/sources_1/bd/design_1/design_1.bd> 
VHDL Output written to : Q:/work/hdl_prj/vivado_ip_prj/vivado_prj.srcs/sources_1/bd/design_1/synth/design_1.vhd
VHDL Output written to : Q:/work/hdl_prj/vivado_ip_prj/vivado_prj.srcs/sources_1/bd/design_1/sim/design_1.vhd
VHDL Output written to : Q:/work/hdl_prj/vivado_ip_prj/vivado_prj.srcs/sources_1/bd/design_1/hdl/design_1_wrapper.vhd
# regsub -all "design_1.bd" [get_files design_1.bd] "hdl" TOPFILEPATH
# add_files -norecurse $TOPFILEPATH
# update_compile_order -fileset sources_1
# validate_bd_design
INFO: [BD 5-320] Validate design is not run, since the design is already validated.
# save_bd_design
# add_files -fileset constrs_1 -norecurse amer_top_constraint.xdc RLUb_HIL_ip_src_RLUb_HIL_top.xdc
# close_project
# exit
INFO: [Common 17-206] Exiting Vivado at Fri Mar 27 14:59:43 2026...

Elapsed time is 13.4656 seconds.


